2026-04-27 15:19:03.895 [main] INFO  o.s.t.c.support.AnnotationConfigContextLoaderUtils-Could not detect default configuration classes for test class [com.example.dining_manage.Test]: Test does not declare any static, non-private, non-final, nested classes annotated with @Configuration.
2026-04-27 15:19:03.969 [main] INFO  o.s.b.t.context.SpringBootTestContextBootstrapper-Found @SpringBootConfiguration com.example.DiningManageApplication for test class com.example.dining_manage.Test
2026-04-27 15:19:04.299 [main] INFO  com.example.dining_manage.Test-Starting Test using Java 17.0.12 with PID 24272 (started by Administrator in D:\work-develop-app\java\Web_AI_02\dining_manager\dining_manage)
2026-04-27 15:19:04.301 [main] INFO  com.example.dining_manage.Test-No active profile set, falling back to 1 default profile: "default"
2026-04-27 15:19:05.223 [main] INFO  o.s.d.r.config.RepositoryConfigurationDelegate-Multiple Spring Data modules found, entering strict repository configuration mode
2026-04-27 15:19:05.226 [main] INFO  o.s.d.r.config.RepositoryConfigurationDelegate-Bootstrapping Spring Data Redis repositories in DEFAULT mode.
2026-04-27 15:19:05.249 [main] INFO  o.s.d.r.config.RepositoryConfigurationDelegate-Finished Spring Data repository scanning in 7 ms. Found 0 Redis repository interfaces.
2026-04-27 15:19:07.108 [main] INFO  com.example.Config.RedisConfiguration-✅ RedisTemplate 全局序列化配置加载完成
2026-04-27 15:19:07.132 [main] INFO  com.example.Config.WebMvcConfiguration-开始创建接口文档 OpenAPI 3.0
2026-04-27 15:19:07.416 [main] INFO  o.s.v.beanvalidation.OptionalValidatorFactoryBean-Failed to set up a Bean Validation provider: jakarta.validation.NoProviderFoundException: Unable to create a Configuration, because no Jakarta Bean Validation provider could be found. Add a provider like Hibernate Validator (RI) to your classpath.
2026-04-27 15:19:08.828 [main] INFO  o.s.b.actuate.endpoint.web.EndpointLinksResolver-Exposing 1 endpoint beneath base path '/actuator'
2026-04-27 15:19:08.913 [main] INFO  com.example.dining_manage.Test-Started Test in 4.834 seconds (process running for 5.593)
2026-04-27 15:37:14.202 [main] INFO  o.s.t.c.support.AnnotationConfigContextLoaderUtils-Could not detect default configuration classes for test class [com.example.dining_manage.Test]: Test does not declare any static, non-private, non-final, nested classes annotated with @Configuration.
2026-04-27 15:37:14.285 [main] INFO  o.s.b.t.context.SpringBootTestContextBootstrapper-Found @SpringBootConfiguration com.example.DiningManageApplication for test class com.example.dining_manage.Test
2026-04-27 15:37:14.576 [main] INFO  com.example.dining_manage.Test-Starting Test using Java 17.0.12 with PID 3316 (started by Administrator in D:\work-develop-app\java\Web_AI_02\dining_manager\dining_manage)
2026-04-27 15:37:14.577 [main] INFO  com.example.dining_manage.Test-No active profile set, falling back to 1 default profile: "default"
2026-04-27 15:37:15.511 [main] INFO  o.s.d.r.config.RepositoryConfigurationDelegate-Multiple Spring Data modules found, entering strict repository configuration mode
2026-04-27 15:37:15.514 [main] INFO  o.s.d.r.config.RepositoryConfigurationDelegate-Bootstrapping Spring Data Redis repositories in DEFAULT mode.
2026-04-27 15:37:15.546 [main] INFO  o.s.d.r.config.RepositoryConfigurationDelegate-Finished Spring Data repository scanning in 10 ms. Found 0 Redis repository interfaces.
2026-04-27 15:37:17.298 [main] INFO  com.example.Config.RedisConfiguration-✅ RedisTemplate 全局序列化配置加载完成
2026-04-27 15:37:17.320 [main] INFO  com.example.Config.WebMvcConfiguration-开始创建接口文档 OpenAPI 3.0
2026-04-27 15:37:17.613 [main] INFO  o.s.v.beanvalidation.OptionalValidatorFactoryBean-Failed to set up a Bean Validation provider: jakarta.validation.NoProviderFoundException: Unable to create a Configuration, because no Jakarta Bean Validation provider could be found. Add a provider like Hibernate Validator (RI) to your classpath.
2026-04-27 15:37:18.949 [main] INFO  o.s.b.actuate.endpoint.web.EndpointLinksResolver-Exposing 1 endpoint beneath base path '/actuator'
2026-04-27 15:37:19.034 [main] INFO  com.example.dining_manage.Test-Started Test in 4.658 seconds (process running for 5.38)
2026-04-27 15:37:29.575 [main] INFO  o.s.t.c.support.AnnotationConfigContextLoaderUtils-Could not detect default configuration classes for test class [com.example.dining_manage.Test]: Test does not declare any static, non-private, non-final, nested classes annotated with @Configuration.
2026-04-27 15:37:29.655 [main] INFO  o.s.b.t.context.SpringBootTestContextBootstrapper-Found @SpringBootConfiguration com.example.DiningManageApplication for test class com.example.dining_manage.Test
2026-04-27 15:37:29.942 [main] INFO  com.example.dining_manage.Test-Starting Test using Java 17.0.12 with PID 23448 (started by Administrator in D:\work-develop-app\java\Web_AI_02\dining_manager\dining_manage)
2026-04-27 15:37:29.942 [main] INFO  com.example.dining_manage.Test-No active profile set, falling back to 1 default profile: "default"
2026-04-27 15:37:30.812 [main] INFO  o.s.d.r.config.RepositoryConfigurationDelegate-Multiple Spring Data modules found, entering strict repository configuration mode
2026-04-27 15:37:30.814 [main] INFO  o.s.d.r.config.RepositoryConfigurationDelegate-Bootstrapping Spring Data Redis repositories in DEFAULT mode.
2026-04-27 15:37:30.840 [main] INFO  o.s.d.r.config.RepositoryConfigurationDelegate-Finished Spring Data repository scanning in 9 ms. Found 0 Redis repository interfaces.
2026-04-27 15:37:32.593 [main] INFO  com.example.Config.RedisConfiguration-✅ RedisTemplate 全局序列化配置加载完成
2026-04-27 15:37:32.613 [main] INFO  com.example.Config.WebMvcConfiguration-开始创建接口文档 OpenAPI 3.0
2026-04-27 15:37:32.919 [main] INFO  o.s.v.beanvalidation.OptionalValidatorFactoryBean-Failed to set up a Bean Validation provider: jakarta.validation.NoProviderFoundException: Unable to create a Configuration, because no Jakarta Bean Validation provider could be found. Add a provider like Hibernate Validator (RI) to your classpath.
2026-04-27 15:37:34.348 [main] INFO  o.s.b.actuate.endpoint.web.EndpointLinksResolver-Exposing 1 endpoint beneath base path '/actuator'
2026-04-27 15:37:34.420 [main] INFO  com.example.dining_manage.Test-Started Test in 4.675 seconds (process running for 5.367)
2026-04-27 15:41:40.896 [main] INFO  o.s.t.c.support.AnnotationConfigContextLoaderUtils-Could not detect default configuration classes for test class [com.example.dining_manage.Test]: Test does not declare any static, non-private, non-final, nested classes annotated with @Configuration.
2026-04-27 15:41:40.983 [main] INFO  o.s.b.t.context.SpringBootTestContextBootstrapper-Found @SpringBootConfiguration com.example.DiningManageApplication for test class com.example.dining_manage.Test
2026-04-27 15:41:41.318 [main] INFO  com.example.dining_manage.Test-Starting Test using Java 17.0.12 with PID 22220 (started by Administrator in D:\work-develop-app\java\Web_AI_02\dining_manager\dining_manage)
2026-04-27 15:41:41.318 [main] INFO  com.example.dining_manage.Test-No active profile set, falling back to 1 default profile: "default"
2026-04-27 15:41:42.254 [main] INFO  o.s.d.r.config.RepositoryConfigurationDelegate-Multiple Spring Data modules found, entering strict repository configuration mode
2026-04-27 15:41:42.256 [main] INFO  o.s.d.r.config.RepositoryConfigurationDelegate-Bootstrapping Spring Data Redis repositories in DEFAULT mode.
2026-04-27 15:41:42.279 [main] INFO  o.s.d.r.config.RepositoryConfigurationDelegate-Finished Spring Data repository scanning in 7 ms. Found 0 Redis repository interfaces.
2026-04-27 15:41:44.299 [main] INFO  com.example.Config.RedisConfiguration-✅ RedisTemplate 全局序列化配置加载完成
2026-04-27 15:41:44.321 [main] INFO  com.example.Config.WebMvcConfiguration-开始创建接口文档 OpenAPI 3.0
2026-04-27 15:41:44.629 [main] INFO  o.s.v.beanvalidation.OptionalValidatorFactoryBean-Failed to set up a Bean Validation provider: jakarta.validation.NoProviderFoundException: Unable to create a Configuration, because no Jakarta Bean Validation provider could be found. Add a provider like Hibernate Validator (RI) to your classpath.
2026-04-27 15:41:46.186 [main] INFO  o.s.b.actuate.endpoint.web.EndpointLinksResolver-Exposing 1 endpoint beneath base path '/actuator'
2026-04-27 15:41:46.275 [main] INFO  com.example.dining_manage.Test-Started Test in 5.187 seconds (process running for 6.328)
2026-04-27 15:42:09.551 [main] INFO  o.s.t.c.support.AnnotationConfigContextLoaderUtils-Could not detect default configuration classes for test class [com.example.dining_manage.Test]: Test does not declare any static, non-private, non-final, nested classes annotated with @Configuration.
2026-04-27 15:42:09.627 [main] INFO  o.s.b.t.context.SpringBootTestContextBootstrapper-Found @SpringBootConfiguration com.example.DiningManageApplication for test class com.example.dining_manage.Test
2026-04-27 15:42:09.921 [main] INFO  com.example.dining_manage.Test-Starting Test using Java 17.0.12 with PID 23656 (started by Administrator in D:\work-develop-app\java\Web_AI_02\dining_manager\dining_manage)
2026-04-27 15:42:09.922 [main] INFO  com.example.dining_manage.Test-No active profile set, falling back to 1 default profile: "default"
2026-04-27 15:42:10.806 [main] INFO  o.s.d.r.config.RepositoryConfigurationDelegate-Multiple Spring Data modules found, entering strict repository configuration mode
2026-04-27 15:42:10.808 [main] INFO  o.s.d.r.config.RepositoryConfigurationDelegate-Bootstrapping Spring Data Redis repositories in DEFAULT mode.
2026-04-27 15:42:10.832 [main] INFO  o.s.d.r.config.RepositoryConfigurationDelegate-Finished Spring Data repository scanning in 7 ms. Found 0 Redis repository interfaces.
2026-04-27 15:42:12.526 [main] INFO  com.example.Config.RedisConfiguration-✅ RedisTemplate 全局序列化配置加载完成
2026-04-27 15:42:12.547 [main] INFO  com.example.Config.WebMvcConfiguration-开始创建接口文档 OpenAPI 3.0
2026-04-27 15:42:12.826 [main] INFO  o.s.v.beanvalidation.OptionalValidatorFactoryBean-Failed to set up a Bean Validation provider: jakarta.validation.NoProviderFoundException: Unable to create a Configuration, because no Jakarta Bean Validation provider could be found. Add a provider like Hibernate Validator (RI) to your classpath.
2026-04-27 15:42:14.153 [main] INFO  o.s.b.actuate.endpoint.web.EndpointLinksResolver-Exposing 1 endpoint beneath base path '/actuator'
2026-04-27 15:42:14.249 [main] INFO  com.example.dining_manage.Test-Started Test in 4.532 seconds (process running for 5.217)
2026-04-27 15:45:44.958 [main] INFO  o.s.t.c.support.AnnotationConfigContextLoaderUtils-Could not detect default configuration classes for test class [com.example.dining_manage.Test]: Test does not declare any static, non-private, non-final, nested classes annotated with @Configuration.
2026-04-27 15:45:45.040 [main] INFO  o.s.b.t.context.SpringBootTestContextBootstrapper-Found @SpringBootConfiguration com.example.DiningManageApplication for test class com.example.dining_manage.Test
2026-04-27 15:45:45.379 [main] INFO  com.example.dining_manage.Test-Starting Test using Java 17.0.12 with PID 8920 (started by Administrator in D:\work-develop-app\java\Web_AI_02\dining_manager\dining_manage)
2026-04-27 15:45:45.380 [main] INFO  com.example.dining_manage.Test-No active profile set, falling back to 1 default profile: "default"
2026-04-27 15:45:46.334 [main] INFO  o.s.d.r.config.RepositoryConfigurationDelegate-Multiple Spring Data modules found, entering strict repository configuration mode
2026-04-27 15:45:46.338 [main] INFO  o.s.d.r.config.RepositoryConfigurationDelegate-Bootstrapping Spring Data Redis repositories in DEFAULT mode.
2026-04-27 15:45:46.367 [main] INFO  o.s.d.r.config.RepositoryConfigurationDelegate-Finished Spring Data repository scanning in 8 ms. Found 0 Redis repository interfaces.
2026-04-27 15:45:48.430 [main] INFO  com.example.Config.RedisConfiguration-✅ RedisTemplate 全局序列化配置加载完成
2026-04-27 15:45:48.449 [main] INFO  com.example.Config.WebMvcConfiguration-开始创建接口文档 OpenAPI 3.0
2026-04-27 15:45:48.752 [main] INFO  o.s.v.beanvalidation.OptionalValidatorFactoryBean-Failed to set up a Bean Validation provider: jakarta.validation.NoProviderFoundException: Unable to create a Configuration, because no Jakarta Bean Validation provider could be found. Add a provider like Hibernate Validator (RI) to your classpath.
2026-04-27 15:45:50.473 [main] INFO  o.s.b.actuate.endpoint.web.EndpointLinksResolver-Exposing 1 endpoint beneath base path '/actuator'
2026-04-27 15:45:50.565 [main] INFO  com.example.dining_manage.Test-Started Test in 5.418 seconds (process running for 6.329)
2026-04-27 15:58:44.741 [main] INFO  o.s.t.c.support.AnnotationConfigContextLoaderUtils-Could not detect default configuration classes for test class [com.example.dining_manage.Test]: Test does not declare any static, non-private, non-final, nested classes annotated with @Configuration.
2026-04-27 15:58:44.821 [main] INFO  o.s.b.t.context.SpringBootTestContextBootstrapper-Found @SpringBootConfiguration com.example.DiningManageApplication for test class com.example.dining_manage.Test
2026-04-27 15:58:45.135 [main] INFO  com.example.dining_manage.Test-Starting Test using Java 17.0.12 with PID 19300 (started by Administrator in D:\work-develop-app\java\Web_AI_02\dining_manager\dining_manage)
2026-04-27 15:58:45.136 [main] INFO  com.example.dining_manage.Test-No active profile set, falling back to 1 default profile: "default"
2026-04-27 15:58:46.073 [main] INFO  o.s.d.r.config.RepositoryConfigurationDelegate-Multiple Spring Data modules found, entering strict repository configuration mode
2026-04-27 15:58:46.076 [main] INFO  o.s.d.r.config.RepositoryConfigurationDelegate-Bootstrapping Spring Data Redis repositories in DEFAULT mode.
2026-04-27 15:58:46.104 [main] INFO  o.s.d.r.config.RepositoryConfigurationDelegate-Finished Spring Data repository scanning in 7 ms. Found 0 Redis repository interfaces.
2026-04-27 15:58:48.182 [main] INFO  com.example.Config.RedisConfiguration-✅ RedisTemplate 全局序列化配置加载完成
2026-04-27 15:58:48.204 [main] INFO  com.example.Config.WebMvcConfiguration-开始创建接口文档 OpenAPI 3.0
2026-04-27 15:58:48.503 [main] INFO  o.s.v.beanvalidation.OptionalValidatorFactoryBean-Failed to set up a Bean Validation provider: jakarta.validation.NoProviderFoundException: Unable to create a Configuration, because no Jakarta Bean Validation provider could be found. Add a provider like Hibernate Validator (RI) to your classpath.
2026-04-27 15:58:50.239 [main] INFO  o.s.b.actuate.endpoint.web.EndpointLinksResolver-Exposing 1 endpoint beneath base path '/actuator'
2026-04-27 15:58:50.326 [main] INFO  com.example.dining_manage.Test-Started Test in 5.406 seconds (process running for 6.242)
2026-04-27 16:00:02.990 [main] INFO  o.s.t.c.support.AnnotationConfigContextLoaderUtils-Could not detect default configuration classes for test class [com.example.dining_manage.Test]: Test does not declare any static, non-private, non-final, nested classes annotated with @Configuration.
2026-04-27 16:00:03.067 [main] INFO  o.s.b.t.context.SpringBootTestContextBootstrapper-Found @SpringBootConfiguration com.example.DiningManageApplication for test class com.example.dining_manage.Test
2026-04-27 16:00:03.352 [main] INFO  com.example.dining_manage.Test-Starting Test using Java 17.0.12 with PID 22772 (started by Administrator in D:\work-develop-app\java\Web_AI_02\dining_manager\dining_manage)
2026-04-27 16:00:03.352 [main] INFO  com.example.dining_manage.Test-No active profile set, falling back to 1 default profile: "default"
2026-04-27 16:00:04.232 [main] INFO  o.s.d.r.config.RepositoryConfigurationDelegate-Multiple Spring Data modules found, entering strict repository configuration mode
2026-04-27 16:00:04.234 [main] INFO  o.s.d.r.config.RepositoryConfigurationDelegate-Bootstrapping Spring Data Redis repositories in DEFAULT mode.
2026-04-27 16:00:04.257 [main] INFO  o.s.d.r.config.RepositoryConfigurationDelegate-Finished Spring Data repository scanning in 8 ms. Found 0 Redis repository interfaces.
2026-04-27 16:00:06.088 [main] INFO  com.example.Config.RedisConfiguration-✅ RedisTemplate 全局序列化配置加载完成
2026-04-27 16:00:06.105 [main] INFO  com.example.Config.WebMvcConfiguration-开始创建接口文档 OpenAPI 3.0
2026-04-27 16:00:06.374 [main] INFO  o.s.v.beanvalidation.OptionalValidatorFactoryBean-Failed to set up a Bean Validation provider: jakarta.validation.NoProviderFoundException: Unable to create a Configuration, because no Jakarta Bean Validation provider could be found. Add a provider like Hibernate Validator (RI) to your classpath.
2026-04-27 16:00:07.752 [main] INFO  o.s.b.actuate.endpoint.web.EndpointLinksResolver-Exposing 1 endpoint beneath base path '/actuator'
2026-04-27 16:00:07.835 [main] INFO  com.example.dining_manage.Test-Started Test in 4.679 seconds (process running for 5.359)
2026-04-27 16:00:31.126 [main] INFO  o.s.t.c.support.AnnotationConfigContextLoaderUtils-Could not detect default configuration classes for test class [com.example.dining_manage.Test]: Test does not declare any static, non-private, non-final, nested classes annotated with @Configuration.
2026-04-27 16:00:31.203 [main] INFO  o.s.b.t.context.SpringBootTestContextBootstrapper-Found @SpringBootConfiguration com.example.DiningManageApplication for test class com.example.dining_manage.Test
2026-04-27 16:00:31.493 [main] INFO  com.example.dining_manage.Test-Starting Test using Java 17.0.12 with PID 23072 (started by Administrator in D:\work-develop-app\java\Web_AI_02\dining_manager\dining_manage)
2026-04-27 16:00:31.494 [main] INFO  com.example.dining_manage.Test-No active profile set, falling back to 1 default profile: "default"
2026-04-27 16:00:32.343 [main] INFO  o.s.d.r.config.RepositoryConfigurationDelegate-Multiple Spring Data modules found, entering strict repository configuration mode
2026-04-27 16:00:32.345 [main] INFO  o.s.d.r.config.RepositoryConfigurationDelegate-Bootstrapping Spring Data Redis repositories in DEFAULT mode.
2026-04-27 16:00:32.368 [main] INFO  o.s.d.r.config.RepositoryConfigurationDelegate-Finished Spring Data repository scanning in 8 ms. Found 0 Redis repository interfaces.
2026-04-27 16:00:34.182 [main] INFO  com.example.Config.RedisConfiguration-✅ RedisTemplate 全局序列化配置加载完成
2026-04-27 16:00:34.202 [main] INFO  com.example.Config.WebMvcConfiguration-开始创建接口文档 OpenAPI 3.0
2026-04-27 16:00:34.480 [main] INFO  o.s.v.beanvalidation.OptionalValidatorFactoryBean-Failed to set up a Bean Validation provider: jakarta.validation.NoProviderFoundException: Unable to create a Configuration, because no Jakarta Bean Validation provider could be found. Add a provider like Hibernate Validator (RI) to your classpath.
2026-04-27 16:00:35.799 [main] INFO  o.s.b.actuate.endpoint.web.EndpointLinksResolver-Exposing 1 endpoint beneath base path '/actuator'
2026-04-27 16:00:35.886 [main] INFO  com.example.dining_manage.Test-Started Test in 4.597 seconds (process running for 5.283)
2026-04-27 16:07:03.989 [main] INFO  o.s.t.c.support.AnnotationConfigContextLoaderUtils-Could not detect default configuration classes for test class [com.example.dining_manage.Test]: Test does not declare any static, non-private, non-final, nested classes annotated with @Configuration.
2026-04-27 16:07:04.067 [main] INFO  o.s.b.t.context.SpringBootTestContextBootstrapper-Found @SpringBootConfiguration com.example.DiningManageApplication for test class com.example.dining_manage.Test
2026-04-27 16:07:04.349 [main] INFO  com.example.dining_manage.Test-Starting Test using Java 17.0.12 with PID 3864 (started by Administrator in D:\work-develop-app\java\Web_AI_02\dining_manager\dining_manage)
2026-04-27 16:07:04.350 [main] INFO  com.example.dining_manage.Test-No active profile set, falling back to 1 default profile: "default"
2026-04-27 16:07:05.174 [main] INFO  o.s.d.r.config.RepositoryConfigurationDelegate-Multiple Spring Data modules found, entering strict repository configuration mode
2026-04-27 16:07:05.176 [main] INFO  o.s.d.r.config.RepositoryConfigurationDelegate-Bootstrapping Spring Data Redis repositories in DEFAULT mode.
2026-04-27 16:07:05.198 [main] INFO  o.s.d.r.config.RepositoryConfigurationDelegate-Finished Spring Data repository scanning in 7 ms. Found 0 Redis repository interfaces.
2026-04-27 16:07:06.874 [main] INFO  com.example.Config.RedisConfiguration-✅ RedisTemplate 全局序列化配置加载完成
2026-04-27 16:07:06.891 [main] INFO  com.example.Config.WebMvcConfiguration-开始创建接口文档 OpenAPI 3.0
2026-04-27 16:07:07.166 [main] INFO  o.s.v.beanvalidation.OptionalValidatorFactoryBean-Failed to set up a Bean Validation provider: jakarta.validation.NoProviderFoundException: Unable to create a Configuration, because no Jakarta Bean Validation provider could be found. Add a provider like Hibernate Validator (RI) to your classpath.
2026-04-27 16:07:08.466 [main] INFO  o.s.b.actuate.endpoint.web.EndpointLinksResolver-Exposing 1 endpoint beneath base path '/actuator'
2026-04-27 16:07:08.540 [main] INFO  com.example.dining_manage.Test-Started Test in 4.385 seconds (process running for 5.068)
2026-04-27 16:09:00.059 [main] INFO  o.s.t.c.support.AnnotationConfigContextLoaderUtils-Could not detect default configuration classes for test class [com.example.dining_manage.Test]: Test does not declare any static, non-private, non-final, nested classes annotated with @Configuration.
2026-04-27 16:09:00.137 [main] INFO  o.s.b.t.context.SpringBootTestContextBootstrapper-Found @SpringBootConfiguration com.example.DiningManageApplication for test class com.example.dining_manage.Test
2026-04-27 16:09:00.430 [main] INFO  com.example.dining_manage.Test-Starting Test using Java 17.0.12 with PID 8772 (started by Administrator in D:\work-develop-app\java\Web_AI_02\dining_manager\dining_manage)
2026-04-27 16:09:00.431 [main] INFO  com.example.dining_manage.Test-No active profile set, falling back to 1 default profile: "default"
2026-04-27 16:09:01.281 [main] INFO  o.s.d.r.config.RepositoryConfigurationDelegate-Multiple Spring Data modules found, entering strict repository configuration mode
2026-04-27 16:09:01.284 [main] INFO  o.s.d.r.config.RepositoryConfigurationDelegate-Bootstrapping Spring Data Redis repositories in DEFAULT mode.
2026-04-27 16:09:01.306 [main] INFO  o.s.d.r.config.RepositoryConfigurationDelegate-Finished Spring Data repository scanning in 7 ms. Found 0 Redis repository interfaces.
2026-04-27 16:09:03.748 [main] INFO  com.example.Config.RedisConfiguration-✅ RedisTemplate 全局序列化配置加载完成
2026-04-27 16:09:03.782 [main] INFO  com.example.Config.WebMvcConfiguration-开始创建接口文档 OpenAPI 3.0
2026-04-27 16:09:04.425 [main] INFO  o.s.v.beanvalidation.OptionalValidatorFactoryBean-Failed to set up a Bean Validation provider: jakarta.validation.NoProviderFoundException: Unable to create a Configuration, because no Jakarta Bean Validation provider could be found. Add a provider like Hibernate Validator (RI) to your classpath.
2026-04-27 16:09:07.422 [main] INFO  o.s.b.actuate.endpoint.web.EndpointLinksResolver-Exposing 1 endpoint beneath base path '/actuator'
2026-04-27 16:09:07.497 [main] INFO  com.example.dining_manage.Test-Started Test in 7.269 seconds (process running for 7.956)
2026-04-27 16:14:00.934 [main] INFO  o.s.t.c.support.AnnotationConfigContextLoaderUtils-Could not detect default configuration classes for test class [com.example.dining_manage.Test]: Test does not declare any static, non-private, non-final, nested classes annotated with @Configuration.
2026-04-27 16:14:01.012 [main] INFO  o.s.b.t.context.SpringBootTestContextBootstrapper-Found @SpringBootConfiguration com.example.DiningManageApplication for test class com.example.dining_manage.Test
2026-04-27 16:14:01.296 [main] INFO  com.example.dining_manage.Test-Starting Test using Java 17.0.12 with PID 14436 (started by Administrator in D:\work-develop-app\java\Web_AI_02\dining_manager\dining_manage)
2026-04-27 16:14:01.297 [main] INFO  com.example.dining_manage.Test-No active profile set, falling back to 1 default profile: "default"
2026-04-27 16:14:02.178 [main] INFO  o.s.d.r.config.RepositoryConfigurationDelegate-Multiple Spring Data modules found, entering strict repository configuration mode
2026-04-27 16:14:02.180 [main] INFO  o.s.d.r.config.RepositoryConfigurationDelegate-Bootstrapping Spring Data Redis repositories in DEFAULT mode.
2026-04-27 16:14:02.205 [main] INFO  o.s.d.r.config.RepositoryConfigurationDelegate-Finished Spring Data repository scanning in 8 ms. Found 0 Redis repository interfaces.
2026-04-27 16:14:03.930 [main] INFO  com.example.Config.RedisConfiguration-✅ RedisTemplate 全局序列化配置加载完成
2026-04-27 16:14:03.947 [main] INFO  com.example.Config.WebMvcConfiguration-开始创建接口文档 OpenAPI 3.0
2026-04-27 16:14:04.213 [main] INFO  o.s.v.beanvalidation.OptionalValidatorFactoryBean-Failed to set up a Bean Validation provider: jakarta.validation.NoProviderFoundException: Unable to create a Configuration, because no Jakarta Bean Validation provider could be found. Add a provider like Hibernate Validator (RI) to your classpath.
2026-04-27 16:14:06.671 [main] INFO  o.s.b.actuate.endpoint.web.EndpointLinksResolver-Exposing 1 endpoint beneath base path '/actuator'
2026-04-27 16:14:06.752 [main] INFO  com.example.dining_manage.Test-Started Test in 5.653 seconds (process running for 6.341)
2026-04-27 16:15:11.968 [main] INFO  o.s.t.c.support.AnnotationConfigContextLoaderUtils-Could not detect default configuration classes for test class [com.example.dining_manage.Test]: Test does not declare any static, non-private, non-final, nested classes annotated with @Configuration.
2026-04-27 16:15:12.044 [main] INFO  o.s.b.t.context.SpringBootTestContextBootstrapper-Found @SpringBootConfiguration com.example.DiningManageApplication for test class com.example.dining_manage.Test
2026-04-27 16:15:12.363 [main] INFO  com.example.dining_manage.Test-Starting Test using Java 17.0.12 with PID 14848 (started by Administrator in D:\work-develop-app\java\Web_AI_02\dining_manager\dining_manage)
2026-04-27 16:15:12.364 [main] INFO  com.example.dining_manage.Test-No active profile set, falling back to 1 default profile: "default"
2026-04-27 16:15:13.255 [main] INFO  o.s.d.r.config.RepositoryConfigurationDelegate-Multiple Spring Data modules found, entering strict repository configuration mode
2026-04-27 16:15:13.257 [main] INFO  o.s.d.r.config.RepositoryConfigurationDelegate-Bootstrapping Spring Data Redis repositories in DEFAULT mode.
2026-04-27 16:15:13.281 [main] INFO  o.s.d.r.config.RepositoryConfigurationDelegate-Finished Spring Data repository scanning in 8 ms. Found 0 Redis repository interfaces.
2026-04-27 16:15:15.322 [main] INFO  com.example.Config.RedisConfiguration-✅ RedisTemplate 全局序列化配置加载完成
2026-04-27 16:15:15.339 [main] INFO  com.example.Config.WebMvcConfiguration-开始创建接口文档 OpenAPI 3.0
2026-04-27 16:15:15.660 [main] INFO  o.s.v.beanvalidation.OptionalValidatorFactoryBean-Failed to set up a Bean Validation provider: jakarta.validation.NoProviderFoundException: Unable to create a Configuration, because no Jakarta Bean Validation provider could be found. Add a provider like Hibernate Validator (RI) to your classpath.
2026-04-27 16:15:17.314 [main] INFO  o.s.b.actuate.endpoint.web.EndpointLinksResolver-Exposing 1 endpoint beneath base path '/actuator'
2026-04-27 16:15:17.401 [main] INFO  com.example.dining_manage.Test-Started Test in 5.252 seconds (process running for 6.134)
2026-04-27 16:15:39.429 [main] INFO  o.s.t.c.support.AnnotationConfigContextLoaderUtils-Could not detect default configuration classes for test class [com.example.dining_manage.Test]: Test does not declare any static, non-private, non-final, nested classes annotated with @Configuration.
2026-04-27 16:15:39.500 [main] INFO  o.s.b.t.context.SpringBootTestContextBootstrapper-Found @SpringBootConfiguration com.example.DiningManageApplication for test class com.example.dining_manage.Test
2026-04-27 16:15:39.819 [main] INFO  com.example.dining_manage.Test-Starting Test using Java 17.0.12 with PID 22756 (started by Administrator in D:\work-develop-app\java\Web_AI_02\dining_manager\dining_manage)
2026-04-27 16:15:39.819 [main] INFO  com.example.dining_manage.Test-No active profile set, falling back to 1 default profile: "default"
2026-04-27 16:15:40.673 [main] INFO  o.s.d.r.config.RepositoryConfigurationDelegate-Multiple Spring Data modules found, entering strict repository configuration mode
2026-04-27 16:15:40.676 [main] INFO  o.s.d.r.config.RepositoryConfigurationDelegate-Bootstrapping Spring Data Redis repositories in DEFAULT mode.
2026-04-27 16:15:40.700 [main] INFO  o.s.d.r.config.RepositoryConfigurationDelegate-Finished Spring Data repository scanning in 7 ms. Found 0 Redis repository interfaces.
2026-04-27 16:15:42.501 [main] INFO  com.example.Config.RedisConfiguration-✅ RedisTemplate 全局序列化配置加载完成
2026-04-27 16:15:42.520 [main] INFO  com.example.Config.WebMvcConfiguration-开始创建接口文档 OpenAPI 3.0
2026-04-27 16:15:42.831 [main] INFO  o.s.v.beanvalidation.OptionalValidatorFactoryBean-Failed to set up a Bean Validation provider: jakarta.validation.NoProviderFoundException: Unable to create a Configuration, because no Jakarta Bean Validation provider could be found. Add a provider like Hibernate Validator (RI) to your classpath.
2026-04-27 16:15:44.282 [main] INFO  o.s.b.actuate.endpoint.web.EndpointLinksResolver-Exposing 1 endpoint beneath base path '/actuator'
2026-04-27 16:15:44.355 [main] INFO  com.example.dining_manage.Test-Started Test in 4.755 seconds (process running for 5.498)
2026-04-27 16:15:51.917 [main] INFO  o.s.t.c.support.AnnotationConfigContextLoaderUtils-Could not detect default configuration classes for test class [com.example.dining_manage.Test]: Test does not declare any static, non-private, non-final, nested classes annotated with @Configuration.
2026-04-27 16:15:52.004 [main] INFO  o.s.b.t.context.SpringBootTestContextBootstrapper-Found @SpringBootConfiguration com.example.DiningManageApplication for test class com.example.dining_manage.Test
2026-04-27 16:15:52.322 [main] INFO  com.example.dining_manage.Test-Starting Test using Java 17.0.12 with PID 21384 (started by Administrator in D:\work-develop-app\java\Web_AI_02\dining_manager\dining_manage)
2026-04-27 16:15:52.322 [main] INFO  com.example.dining_manage.Test-No active profile set, falling back to 1 default profile: "default"
2026-04-27 16:15:53.243 [main] INFO  o.s.d.r.config.RepositoryConfigurationDelegate-Multiple Spring Data modules found, entering strict repository configuration mode
2026-04-27 16:15:53.245 [main] INFO  o.s.d.r.config.RepositoryConfigurationDelegate-Bootstrapping Spring Data Redis repositories in DEFAULT mode.
2026-04-27 16:15:53.273 [main] INFO  o.s.d.r.config.RepositoryConfigurationDelegate-Finished Spring Data repository scanning in 10 ms. Found 0 Redis repository interfaces.
2026-04-27 16:15:55.305 [main] INFO  com.example.Config.RedisConfiguration-✅ RedisTemplate 全局序列化配置加载完成
2026-04-27 16:15:55.328 [main] INFO  com.example.Config.WebMvcConfiguration-开始创建接口文档 OpenAPI 3.0
2026-04-27 16:15:55.635 [main] INFO  o.s.v.beanvalidation.OptionalValidatorFactoryBean-Failed to set up a Bean Validation provider: jakarta.validation.NoProviderFoundException: Unable to create a Configuration, because no Jakarta Bean Validation provider could be found. Add a provider like Hibernate Validator (RI) to your classpath.
2026-04-27 16:15:57.268 [main] INFO  o.s.b.actuate.endpoint.web.EndpointLinksResolver-Exposing 1 endpoint beneath base path '/actuator'
2026-04-27 16:15:57.354 [main] INFO  com.example.dining_manage.Test-Started Test in 5.241 seconds (process running for 6.098)
2026-04-27 16:16:10.933 [main] INFO  o.s.t.c.support.AnnotationConfigContextLoaderUtils-Could not detect default configuration classes for test class [com.example.dining_manage.Test]: Test does not declare any static, non-private, non-final, nested classes annotated with @Configuration.
2026-04-27 16:16:11.022 [main] INFO  o.s.b.t.context.SpringBootTestContextBootstrapper-Found @SpringBootConfiguration com.example.DiningManageApplication for test class com.example.dining_manage.Test
2026-04-27 16:16:11.342 [main] INFO  com.example.dining_manage.Test-Starting Test using Java 17.0.12 with PID 5388 (started by Administrator in D:\work-develop-app\java\Web_AI_02\dining_manager\dining_manage)
2026-04-27 16:16:11.343 [main] INFO  com.example.dining_manage.Test-No active profile set, falling back to 1 default profile: "default"
2026-04-27 16:16:12.281 [main] INFO  o.s.d.r.config.RepositoryConfigurationDelegate-Multiple Spring Data modules found, entering strict repository configuration mode
2026-04-27 16:16:12.283 [main] INFO  o.s.d.r.config.RepositoryConfigurationDelegate-Bootstrapping Spring Data Redis repositories in DEFAULT mode.
2026-04-27 16:16:12.308 [main] INFO  o.s.d.r.config.RepositoryConfigurationDelegate-Finished Spring Data repository scanning in 8 ms. Found 0 Redis repository interfaces.
2026-04-27 16:16:14.322 [main] INFO  com.example.Config.RedisConfiguration-✅ RedisTemplate 全局序列化配置加载完成
2026-04-27 16:16:14.344 [main] INFO  com.example.Config.WebMvcConfiguration-开始创建接口文档 OpenAPI 3.0
2026-04-27 16:16:14.634 [main] INFO  o.s.v.beanvalidation.OptionalValidatorFactoryBean-Failed to set up a Bean Validation provider: jakarta.validation.NoProviderFoundException: Unable to create a Configuration, because no Jakarta Bean Validation provider could be found. Add a provider like Hibernate Validator (RI) to your classpath.
2026-04-27 16:16:16.172 [main] INFO  o.s.b.actuate.endpoint.web.EndpointLinksResolver-Exposing 1 endpoint beneath base path '/actuator'
2026-04-27 16:16:16.269 [main] INFO  com.example.dining_manage.Test-Started Test in 5.143 seconds (process running for 5.994)
2026-04-27 16:17:01.042 [main] INFO  o.s.t.c.support.AnnotationConfigContextLoaderUtils-Could not detect default configuration classes for test class [com.example.dining_manage.Test]: Test does not declare any static, non-private, non-final, nested classes annotated with @Configuration.
2026-04-27 16:17:01.118 [main] INFO  o.s.b.t.context.SpringBootTestContextBootstrapper-Found @SpringBootConfiguration com.example.DiningManageApplication for test class com.example.dining_manage.Test
2026-04-27 16:17:01.453 [main] INFO  com.example.dining_manage.Test-Starting Test using Java 17.0.12 with PID 24300 (started by Administrator in D:\work-develop-app\java\Web_AI_02\dining_manager\dining_manage)
2026-04-27 16:17:01.453 [main] INFO  com.example.dining_manage.Test-No active profile set, falling back to 1 default profile: "default"
2026-04-27 16:17:02.426 [main] INFO  o.s.d.r.config.RepositoryConfigurationDelegate-Multiple Spring Data modules found, entering strict repository configuration mode
2026-04-27 16:17:02.429 [main] INFO  o.s.d.r.config.RepositoryConfigurationDelegate-Bootstrapping Spring Data Redis repositories in DEFAULT mode.
2026-04-27 16:17:02.453 [main] INFO  o.s.d.r.config.RepositoryConfigurationDelegate-Finished Spring Data repository scanning in 8 ms. Found 0 Redis repository interfaces.
2026-04-27 16:17:04.497 [main] INFO  com.example.Config.RedisConfiguration-✅ RedisTemplate 全局序列化配置加载完成
2026-04-27 16:17:04.515 [main] INFO  com.example.Config.WebMvcConfiguration-开始创建接口文档 OpenAPI 3.0
2026-04-27 16:17:04.834 [main] INFO  o.s.v.beanvalidation.OptionalValidatorFactoryBean-Failed to set up a Bean Validation provider: jakarta.validation.NoProviderFoundException: Unable to create a Configuration, because no Jakarta Bean Validation provider could be found. Add a provider like Hibernate Validator (RI) to your classpath.
2026-04-27 16:17:06.475 [main] INFO  o.s.b.actuate.endpoint.web.EndpointLinksResolver-Exposing 1 endpoint beneath base path '/actuator'
2026-04-27 16:17:06.562 [main] INFO  com.example.dining_manage.Test-Started Test in 5.34 seconds (process running for 6.198)
2026-04-27 16:22:27.180 [main] INFO  o.s.t.c.support.AnnotationConfigContextLoaderUtils-Could not detect default configuration classes for test class [com.example.dining_manage.Test]: Test does not declare any static, non-private, non-final, nested classes annotated with @Configuration.
2026-04-27 16:22:27.261 [main] INFO  o.s.b.t.context.SpringBootTestContextBootstrapper-Found @SpringBootConfiguration com.example.DiningManageApplication for test class com.example.dining_manage.Test
2026-04-27 16:22:27.545 [main] INFO  com.example.dining_manage.Test-Starting Test using Java 17.0.12 with PID 24672 (started by Administrator in D:\work-develop-app\java\Web_AI_02\dining_manager\dining_manage)
2026-04-27 16:22:27.546 [main] INFO  com.example.dining_manage.Test-No active profile set, falling back to 1 default profile: "default"
2026-04-27 16:22:28.412 [main] INFO  o.s.d.r.config.RepositoryConfigurationDelegate-Multiple Spring Data modules found, entering strict repository configuration mode
2026-04-27 16:22:28.414 [main] INFO  o.s.d.r.config.RepositoryConfigurationDelegate-Bootstrapping Spring Data Redis repositories in DEFAULT mode.
2026-04-27 16:22:28.436 [main] INFO  o.s.d.r.config.RepositoryConfigurationDelegate-Finished Spring Data repository scanning in 7 ms. Found 0 Redis repository interfaces.
2026-04-27 16:22:30.232 [main] INFO  com.example.Config.RedisConfiguration-✅ RedisTemplate 全局序列化配置加载完成
2026-04-27 16:22:30.252 [main] INFO  com.example.Config.WebMvcConfiguration-开始创建接口文档 OpenAPI 3.0
2026-04-27 16:22:30.540 [main] INFO  o.s.v.beanvalidation.OptionalValidatorFactoryBean-Failed to set up a Bean Validation provider: jakarta.validation.NoProviderFoundException: Unable to create a Configuration, because no Jakarta Bean Validation provider could be found. Add a provider like Hibernate Validator (RI) to your classpath.
2026-04-27 16:22:31.899 [main] INFO  o.s.b.actuate.endpoint.web.EndpointLinksResolver-Exposing 1 endpoint beneath base path '/actuator'
2026-04-27 16:22:31.962 [main] INFO  com.example.dining_manage.Test-Started Test in 4.615 seconds (process running for 5.3)
