2026-04-29 14:11:08.790 [main] INFO  o.s.t.c.support.AnnotationConfigContextLoaderUtils-Could not detect default configuration classes for test class [com.example.dining_manage.HttpTest]: HttpTest does not declare any static, non-private, non-final, nested classes annotated with @Configuration.
2026-04-29 14:11:08.868 [main] INFO  o.s.b.t.context.SpringBootTestContextBootstrapper-Found @SpringBootConfiguration com.example.DiningManageApplication for test class com.example.dining_manage.HttpTest
2026-04-29 14:11:09.187 [main] INFO  com.example.dining_manage.HttpTest-Starting HttpTest using Java 17.0.12 with PID 14904 (started by Administrator in D:\work-develop-app\java\Web_AI_02\dining_manager\dining_manage)
2026-04-29 14:11:09.188 [main] INFO  com.example.dining_manage.HttpTest-No active profile set, falling back to 1 default profile: "default"
2026-04-29 14:11:10.049 [main] INFO  o.s.d.r.config.RepositoryConfigurationDelegate-Multiple Spring Data modules found, entering strict repository configuration mode
2026-04-29 14:11:10.051 [main] INFO  o.s.d.r.config.RepositoryConfigurationDelegate-Bootstrapping Spring Data Redis repositories in DEFAULT mode.
2026-04-29 14:11:10.072 [main] INFO  o.s.d.r.config.RepositoryConfigurationDelegate-Finished Spring Data repository scanning in 6 ms. Found 0 Redis repository interfaces.
2026-04-29 14:11:11.962 [main] INFO  com.example.Config.RedisConfiguration-✅ RedisTemplate 全局序列化配置加载完成
2026-04-29 14:11:12.028 [main] INFO  com.example.Config.WebMvcConfiguration-开始创建接口文档 OpenAPI 3.0
2026-04-29 14:11:12.301 [main] INFO  o.s.v.beanvalidation.OptionalValidatorFactoryBean-Failed to set up a Bean Validation provider: jakarta.validation.NoProviderFoundException: Unable to create a Configuration, because no Jakarta Bean Validation provider could be found. Add a provider like Hibernate Validator (RI) to your classpath.
2026-04-29 14:11:13.704 [main] INFO  o.s.b.actuate.endpoint.web.EndpointLinksResolver-Exposing 1 endpoint beneath base path '/actuator'
2026-04-29 14:11:13.797 [main] INFO  com.example.dining_manage.HttpTest-Started HttpTest in 4.832 seconds (process running for 5.561)
2026-04-29 14:13:34.094 [main] INFO  o.s.t.c.support.AnnotationConfigContextLoaderUtils-Could not detect default configuration classes for test class [com.example.dining_manage.HttpTest]: HttpTest does not declare any static, non-private, non-final, nested classes annotated with @Configuration.
2026-04-29 14:13:34.162 [main] INFO  o.s.b.t.context.SpringBootTestContextBootstrapper-Found @SpringBootConfiguration com.example.DiningManageApplication for test class com.example.dining_manage.HttpTest
2026-04-29 14:13:34.458 [main] INFO  com.example.dining_manage.HttpTest-Starting HttpTest using Java 17.0.12 with PID 17060 (started by Administrator in D:\work-develop-app\java\Web_AI_02\dining_manager\dining_manage)
2026-04-29 14:13:34.459 [main] INFO  com.example.dining_manage.HttpTest-No active profile set, falling back to 1 default profile: "default"
2026-04-29 14:13:35.340 [main] INFO  o.s.d.r.config.RepositoryConfigurationDelegate-Multiple Spring Data modules found, entering strict repository configuration mode
2026-04-29 14:13:35.342 [main] INFO  o.s.d.r.config.RepositoryConfigurationDelegate-Bootstrapping Spring Data Redis repositories in DEFAULT mode.
2026-04-29 14:13:35.363 [main] INFO  o.s.d.r.config.RepositoryConfigurationDelegate-Finished Spring Data repository scanning in 8 ms. Found 0 Redis repository interfaces.
2026-04-29 14:13:37.112 [main] INFO  com.example.Config.RedisConfiguration-✅ RedisTemplate 全局序列化配置加载完成
2026-04-29 14:13:37.165 [main] INFO  com.example.Config.WebMvcConfiguration-开始创建接口文档 OpenAPI 3.0
2026-04-29 14:13:37.439 [main] INFO  o.s.v.beanvalidation.OptionalValidatorFactoryBean-Failed to set up a Bean Validation provider: jakarta.validation.NoProviderFoundException: Unable to create a Configuration, because no Jakarta Bean Validation provider could be found. Add a provider like Hibernate Validator (RI) to your classpath.
2026-04-29 14:13:38.701 [main] INFO  o.s.b.actuate.endpoint.web.EndpointLinksResolver-Exposing 1 endpoint beneath base path '/actuator'
2026-04-29 14:13:38.781 [main] INFO  com.example.dining_manage.HttpTest-Started HttpTest in 4.529 seconds (process running for 5.218)
2026-04-29 14:14:48.868 [main] INFO  o.s.t.c.support.AnnotationConfigContextLoaderUtils-Could not detect default configuration classes for test class [com.example.dining_manage.HttpTest]: HttpTest does not declare any static, non-private, non-final, nested classes annotated with @Configuration.
2026-04-29 14:14:48.940 [main] INFO  o.s.b.t.context.SpringBootTestContextBootstrapper-Found @SpringBootConfiguration com.example.DiningManageApplication for test class com.example.dining_manage.HttpTest
2026-04-29 14:14:49.229 [main] INFO  com.example.dining_manage.HttpTest-Starting HttpTest using Java 17.0.12 with PID 13396 (started by Administrator in D:\work-develop-app\java\Web_AI_02\dining_manager\dining_manage)
2026-04-29 14:14:49.229 [main] INFO  com.example.dining_manage.HttpTest-No active profile set, falling back to 1 default profile: "default"
2026-04-29 14:14:50.112 [main] INFO  o.s.d.r.config.RepositoryConfigurationDelegate-Multiple Spring Data modules found, entering strict repository configuration mode
2026-04-29 14:14:50.114 [main] INFO  o.s.d.r.config.RepositoryConfigurationDelegate-Bootstrapping Spring Data Redis repositories in DEFAULT mode.
2026-04-29 14:14:50.134 [main] INFO  o.s.d.r.config.RepositoryConfigurationDelegate-Finished Spring Data repository scanning in 7 ms. Found 0 Redis repository interfaces.
2026-04-29 14:14:51.918 [main] INFO  com.example.Config.RedisConfiguration-✅ RedisTemplate 全局序列化配置加载完成
2026-04-29 14:14:51.997 [main] INFO  com.example.Config.WebMvcConfiguration-开始创建接口文档 OpenAPI 3.0
2026-04-29 14:14:52.304 [main] INFO  o.s.v.beanvalidation.OptionalValidatorFactoryBean-Failed to set up a Bean Validation provider: jakarta.validation.NoProviderFoundException: Unable to create a Configuration, because no Jakarta Bean Validation provider could be found. Add a provider like Hibernate Validator (RI) to your classpath.
2026-04-29 14:14:53.852 [main] INFO  o.s.b.actuate.endpoint.web.EndpointLinksResolver-Exposing 1 endpoint beneath base path '/actuator'
2026-04-29 14:14:53.930 [main] INFO  com.example.dining_manage.HttpTest-Started HttpTest in 4.899 seconds (process running for 5.608)
2026-04-29 14:15:24.582 [main] INFO  o.s.t.c.support.AnnotationConfigContextLoaderUtils-Could not detect default configuration classes for test class [com.example.dining_manage.HttpTest]: HttpTest does not declare any static, non-private, non-final, nested classes annotated with @Configuration.
2026-04-29 14:15:24.649 [main] INFO  o.s.b.t.context.SpringBootTestContextBootstrapper-Found @SpringBootConfiguration com.example.DiningManageApplication for test class com.example.dining_manage.HttpTest
2026-04-29 14:15:24.936 [main] INFO  com.example.dining_manage.HttpTest-Starting HttpTest using Java 17.0.12 with PID 11356 (started by Administrator in D:\work-develop-app\java\Web_AI_02\dining_manager\dining_manage)
2026-04-29 14:15:24.937 [main] INFO  com.example.dining_manage.HttpTest-No active profile set, falling back to 1 default profile: "default"
2026-04-29 14:15:25.783 [main] INFO  o.s.d.r.config.RepositoryConfigurationDelegate-Multiple Spring Data modules found, entering strict repository configuration mode
2026-04-29 14:15:25.785 [main] INFO  o.s.d.r.config.RepositoryConfigurationDelegate-Bootstrapping Spring Data Redis repositories in DEFAULT mode.
2026-04-29 14:15:25.807 [main] INFO  o.s.d.r.config.RepositoryConfigurationDelegate-Finished Spring Data repository scanning in 8 ms. Found 0 Redis repository interfaces.
2026-04-29 14:15:27.479 [main] INFO  com.example.Config.RedisConfiguration-✅ RedisTemplate 全局序列化配置加载完成
2026-04-29 14:15:27.532 [main] INFO  com.example.Config.WebMvcConfiguration-开始创建接口文档 OpenAPI 3.0
2026-04-29 14:15:27.784 [main] INFO  o.s.v.beanvalidation.OptionalValidatorFactoryBean-Failed to set up a Bean Validation provider: jakarta.validation.NoProviderFoundException: Unable to create a Configuration, because no Jakarta Bean Validation provider could be found. Add a provider like Hibernate Validator (RI) to your classpath.
2026-04-29 14:15:29.136 [main] INFO  o.s.b.actuate.endpoint.web.EndpointLinksResolver-Exposing 1 endpoint beneath base path '/actuator'
2026-04-29 14:15:29.190 [main] INFO  com.example.dining_manage.HttpTest-Started HttpTest in 4.451 seconds (process running for 5.113)
2026-04-29 14:33:22.626 [main] INFO  o.s.t.c.support.AnnotationConfigContextLoaderUtils-Could not detect default configuration classes for test class [com.example.dining_manage.HttpTest]: HttpTest does not declare any static, non-private, non-final, nested classes annotated with @Configuration.
2026-04-29 14:33:22.696 [main] INFO  o.s.b.t.context.SpringBootTestContextBootstrapper-Found @SpringBootConfiguration com.example.DiningManageApplication for test class com.example.dining_manage.HttpTest
2026-04-29 14:33:22.984 [main] INFO  com.example.dining_manage.HttpTest-Starting HttpTest using Java 17.0.12 with PID 12820 (started by Administrator in D:\work-develop-app\java\Web_AI_02\dining_manager\dining_manage)
2026-04-29 14:33:22.985 [main] INFO  com.example.dining_manage.HttpTest-No active profile set, falling back to 1 default profile: "default"
2026-04-29 14:33:23.822 [main] INFO  o.s.d.r.config.RepositoryConfigurationDelegate-Multiple Spring Data modules found, entering strict repository configuration mode
2026-04-29 14:33:23.824 [main] INFO  o.s.d.r.config.RepositoryConfigurationDelegate-Bootstrapping Spring Data Redis repositories in DEFAULT mode.
2026-04-29 14:33:23.846 [main] INFO  o.s.d.r.config.RepositoryConfigurationDelegate-Finished Spring Data repository scanning in 7 ms. Found 0 Redis repository interfaces.
2026-04-29 14:33:25.533 [main] INFO  com.example.Config.RedisConfiguration-✅ RedisTemplate 全局序列化配置加载完成
2026-04-29 14:33:25.600 [main] INFO  com.example.Config.WebMvcConfiguration-开始创建接口文档 OpenAPI 3.0
2026-04-29 14:33:25.847 [main] INFO  o.s.v.beanvalidation.OptionalValidatorFactoryBean-Failed to set up a Bean Validation provider: jakarta.validation.NoProviderFoundException: Unable to create a Configuration, because no Jakarta Bean Validation provider could be found. Add a provider like Hibernate Validator (RI) to your classpath.
2026-04-29 14:33:27.266 [main] INFO  o.s.b.actuate.endpoint.web.EndpointLinksResolver-Exposing 1 endpoint beneath base path '/actuator'
2026-04-29 14:33:27.342 [main] INFO  com.example.dining_manage.HttpTest-Started HttpTest in 4.552 seconds (process running for 5.246)
2026-04-29 14:34:40.654 [main] INFO  o.s.t.c.support.AnnotationConfigContextLoaderUtils-Could not detect default configuration classes for test class [com.example.dining_manage.HttpTest]: HttpTest does not declare any static, non-private, non-final, nested classes annotated with @Configuration.
2026-04-29 14:34:40.726 [main] INFO  o.s.b.t.context.SpringBootTestContextBootstrapper-Found @SpringBootConfiguration com.example.DiningManageApplication for test class com.example.dining_manage.HttpTest
2026-04-29 14:34:41.021 [main] INFO  com.example.dining_manage.HttpTest-Starting HttpTest using Java 17.0.12 with PID 9892 (started by Administrator in D:\work-develop-app\java\Web_AI_02\dining_manager\dining_manage)
2026-04-29 14:34:41.022 [main] INFO  com.example.dining_manage.HttpTest-No active profile set, falling back to 1 default profile: "default"
2026-04-29 14:34:41.881 [main] INFO  o.s.d.r.config.RepositoryConfigurationDelegate-Multiple Spring Data modules found, entering strict repository configuration mode
2026-04-29 14:34:41.883 [main] INFO  o.s.d.r.config.RepositoryConfigurationDelegate-Bootstrapping Spring Data Redis repositories in DEFAULT mode.
2026-04-29 14:34:41.907 [main] INFO  o.s.d.r.config.RepositoryConfigurationDelegate-Finished Spring Data repository scanning in 9 ms. Found 0 Redis repository interfaces.
2026-04-29 14:34:43.606 [main] INFO  com.example.Config.RedisConfiguration-✅ RedisTemplate 全局序列化配置加载完成
2026-04-29 14:34:43.666 [main] INFO  com.example.Config.WebMvcConfiguration-开始创建接口文档 OpenAPI 3.0
2026-04-29 14:34:43.959 [main] INFO  o.s.v.beanvalidation.OptionalValidatorFactoryBean-Failed to set up a Bean Validation provider: jakarta.validation.NoProviderFoundException: Unable to create a Configuration, because no Jakarta Bean Validation provider could be found. Add a provider like Hibernate Validator (RI) to your classpath.
2026-04-29 14:34:45.184 [main] INFO  o.s.b.actuate.endpoint.web.EndpointLinksResolver-Exposing 1 endpoint beneath base path '/actuator'
2026-04-29 14:34:45.246 [main] INFO  com.example.dining_manage.HttpTest-Started HttpTest in 4.423 seconds (process running for 5.118)
