2026-04-09 13:22:42.876 [main] INFO  com.example.DiningManageApplication-Starting DiningManageApplication using Java 17.0.12 with PID 18848 (D:\work-develop-app\java\Web_AI_02\dining_manager\dining_manage\target\classes started by Administrator in D:\work-develop-app\java\Web_AI_02\dining_manager\dining_manage)
2026-04-09 13:22:42.877 [main] INFO  com.example.DiningManageApplication-No active profile set, falling back to 1 default profile: "default"
2026-04-09 13:22:43.799 [main] INFO  o.s.boot.web.embedded.tomcat.TomcatWebServer-Tomcat initialized with port 8080 (http)
2026-04-09 13:22:43.807 [main] INFO  org.apache.coyote.http11.Http11NioProtocol-Initializing ProtocolHandler ["http-nio-8080"]
2026-04-09 13:22:43.807 [main] INFO  org.apache.catalina.core.StandardService-Starting service [Tomcat]
2026-04-09 13:22:43.807 [main] INFO  org.apache.catalina.core.StandardEngine-Starting Servlet engine: [Apache Tomcat/10.1.48]
2026-04-09 13:22:43.842 [main] INFO  o.a.c.core.ContainerBase.[Tomcat].[localhost].[/]-Initializing Spring embedded WebApplicationContext
2026-04-09 13:22:43.842 [main] INFO  o.s.b.w.s.c.ServletWebServerApplicationContext-Root WebApplicationContext: initialization completed in 940 ms
2026-04-09 13:22:44.672 [main] INFO  o.s.b.actuate.endpoint.web.EndpointLinksResolver-Exposing 1 endpoint beneath base path '/actuator'
2026-04-09 13:22:44.702 [main] INFO  org.apache.coyote.http11.Http11NioProtocol-Starting ProtocolHandler ["http-nio-8080"]
2026-04-09 13:22:44.707 [main] INFO  o.s.boot.web.embedded.tomcat.TomcatWebServer-Tomcat started on port 8080 (http) with context path '/'
2026-04-09 13:22:44.718 [main] INFO  com.example.DiningManageApplication-Started DiningManageApplication in 2.094 seconds (process running for 2.645)
2026-04-09 13:22:45.082 [RMI TCP Connection(3)-10.179.151.206] INFO  o.a.c.core.ContainerBase.[Tomcat].[localhost].[/]-Initializing Spring DispatcherServlet 'dispatcherServlet'
2026-04-09 13:22:45.082 [RMI TCP Connection(3)-10.179.151.206] INFO  org.springframework.web.servlet.DispatcherServlet-Initializing Servlet 'dispatcherServlet'
2026-04-09 13:22:45.083 [RMI TCP Connection(3)-10.179.151.206] INFO  org.springframework.web.servlet.DispatcherServlet-Completed initialization in 1 ms
2026-04-09 13:22:45.084 [RMI TCP Connection(2)-10.179.151.206] INFO  com.zaxxer.hikari.HikariDataSource-HikariPool-1 - Starting...
2026-04-09 13:22:45.243 [RMI TCP Connection(2)-10.179.151.206] INFO  com.zaxxer.hikari.pool.HikariPool-HikariPool-1 - Added connection com.mysql.cj.jdbc.ConnectionImpl@5318a33a
2026-04-09 13:22:45.245 [RMI TCP Connection(2)-10.179.151.206] INFO  com.zaxxer.hikari.HikariDataSource-HikariPool-1 - Start completed.
2026-04-09 13:23:10.772 [http-nio-8080-exec-1] INFO  com.example.Filter.TokenFilter-登录请求,放行
2026-04-09 13:23:11.117 [http-nio-8080-exec-1] INFO  com.example.Utils.JwtUtils-令牌生成时间：Thu Apr 09 13:23:11 CST 2026，过期时间：Fri Apr 10 01:23:11 CST 2026
2026-04-09 13:23:12.612 [http-nio-8080-exec-2] INFO  com.example.Filter.TokenFilter-当前员工id为:3
2026-04-09 13:23:12.612 [http-nio-8080-exec-2] INFO  com.example.Filter.TokenFilter-令牌验证成功
2026-04-09 13:23:12.618 [http-nio-8080-exec-2] INFO  com.example.Controller.ChuanController-查询所有川菜
2026-04-09 13:23:12.618 [http-nio-8080-exec-2] INFO  com.example.Service.impl.ChuanServiceImpl-查询所有川菜ChuanServiceImpl
2026-04-09 13:23:16.176 [http-nio-8080-exec-3] INFO  com.example.Filter.TokenFilter-当前员工id为:3
2026-04-09 13:23:16.176 [http-nio-8080-exec-3] INFO  com.example.Filter.TokenFilter-令牌验证成功
2026-04-09 13:23:16.176 [http-nio-8080-exec-3] INFO  com.example.Controller.XiangController-查询所有湘菜
2026-04-09 13:23:16.176 [http-nio-8080-exec-3] INFO  com.example.Service.impl.XiangServiceImpl-查询所有川菜XiangServiceImpl
2026-04-09 13:23:16.669 [http-nio-8080-exec-4] INFO  com.example.Filter.TokenFilter-当前员工id为:3
2026-04-09 13:23:16.670 [http-nio-8080-exec-4] INFO  com.example.Filter.TokenFilter-令牌验证成功
2026-04-09 13:23:16.671 [http-nio-8080-exec-4] INFO  com.example.Controller.LuController-查询所有鲁菜
2026-04-09 13:23:16.671 [http-nio-8080-exec-4] INFO  com.example.Service.impl.LuServiceImpl-查询所有鲁菜LuServiceImpl
2026-04-09 13:23:17.661 [http-nio-8080-exec-5] INFO  com.example.Filter.TokenFilter-当前员工id为:3
2026-04-09 13:23:17.661 [http-nio-8080-exec-5] INFO  com.example.Filter.TokenFilter-令牌验证成功
2026-04-09 13:23:17.662 [http-nio-8080-exec-5] INFO  com.example.Controller.ZhuController-查询所有主食
2026-04-09 13:23:17.663 [http-nio-8080-exec-5] INFO  com.example.Service.impl.ZhuServiceImpl-查询所有主食ZhuServiceImpl
2026-04-09 13:23:52.994 [http-nio-8080-exec-6] INFO  com.example.Filter.TokenFilter-登录请求,放行
2026-04-09 13:23:53.003 [http-nio-8080-exec-6] INFO  com.example.Utils.JwtUtils-令牌生成时间：Thu Apr 09 13:23:53 CST 2026，过期时间：Fri Apr 10 01:23:53 CST 2026
2026-04-09 13:23:58.154 [http-nio-8080-exec-7] INFO  com.example.Filter.TokenFilter-当前员工id为:3
2026-04-09 13:23:58.154 [http-nio-8080-exec-7] INFO  com.example.Filter.TokenFilter-令牌验证成功
2026-04-09 13:23:58.156 [http-nio-8080-exec-7] INFO  com.example.Controller.ChuanController-查询所有川菜
2026-04-09 13:23:58.156 [http-nio-8080-exec-7] INFO  com.example.Service.impl.ChuanServiceImpl-查询所有川菜ChuanServiceImpl
2026-04-09 13:23:59.820 [http-nio-8080-exec-8] INFO  com.example.Filter.TokenFilter-当前员工id为:3
2026-04-09 13:23:59.820 [http-nio-8080-exec-8] INFO  com.example.Filter.TokenFilter-令牌验证成功
2026-04-09 13:23:59.820 [http-nio-8080-exec-8] INFO  com.example.Controller.ChuanController-查询所有川菜
2026-04-09 13:23:59.820 [http-nio-8080-exec-8] INFO  com.example.Service.impl.ChuanServiceImpl-查询所有川菜ChuanServiceImpl
2026-04-09 13:24:12.887 [http-nio-8080-exec-9] INFO  com.example.Filter.TokenFilter-当前员工id为:3
2026-04-09 13:24:12.887 [http-nio-8080-exec-9] INFO  com.example.Filter.TokenFilter-令牌验证成功
2026-04-09 13:24:12.889 [http-nio-8080-exec-9] INFO  com.example.Controller.XiangController-查询所有湘菜
2026-04-09 13:24:12.889 [http-nio-8080-exec-9] INFO  com.example.Service.impl.XiangServiceImpl-查询所有川菜XiangServiceImpl
2026-04-09 13:24:23.569 [http-nio-8080-exec-10] INFO  com.example.Filter.TokenFilter-当前员工id为:3
2026-04-09 13:24:23.569 [http-nio-8080-exec-10] INFO  com.example.Filter.TokenFilter-令牌验证成功
2026-04-09 13:24:23.569 [http-nio-8080-exec-10] INFO  com.example.Controller.LuController-查询所有鲁菜
2026-04-09 13:24:23.569 [http-nio-8080-exec-10] INFO  com.example.Service.impl.LuServiceImpl-查询所有鲁菜LuServiceImpl
2026-04-09 13:24:29.729 [http-nio-8080-exec-1] INFO  com.example.Filter.TokenFilter-当前员工id为:3
2026-04-09 13:24:29.729 [http-nio-8080-exec-1] INFO  com.example.Filter.TokenFilter-令牌验证成功
2026-04-09 13:24:29.731 [http-nio-8080-exec-1] INFO  com.example.Controller.ZhuController-查询所有主食
2026-04-09 13:24:29.731 [http-nio-8080-exec-1] INFO  com.example.Service.impl.ZhuServiceImpl-查询所有主食ZhuServiceImpl
2026-04-09 13:24:52.871 [http-nio-8080-exec-2] INFO  com.example.Filter.TokenFilter-当前员工id为:3
2026-04-09 13:24:52.871 [http-nio-8080-exec-2] INFO  com.example.Filter.TokenFilter-令牌验证成功
2026-04-09 13:24:52.878 [http-nio-8080-exec-2] INFO  com.example.Controller.ZhuController-查询单个菜品
2026-04-09 13:24:52.878 [http-nio-8080-exec-2] INFO  com.example.Service.impl.ZhuServiceImpl-查询单个菜品ZhuServiceImpl
2026-04-09 13:25:02.526 [http-nio-8080-exec-3] INFO  com.example.Filter.TokenFilter-当前员工id为:3
2026-04-09 13:25:02.528 [http-nio-8080-exec-3] INFO  com.example.Filter.TokenFilter-令牌验证成功
2026-04-09 13:25:02.528 [http-nio-8080-exec-3] INFO  com.example.Controller.ChuanController-查询所有川菜
2026-04-09 13:25:02.528 [http-nio-8080-exec-3] INFO  com.example.Service.impl.ChuanServiceImpl-查询所有川菜ChuanServiceImpl
2026-04-09 13:25:14.967 [http-nio-8080-exec-4] INFO  com.example.Filter.TokenFilter-当前员工id为:3
2026-04-09 13:25:14.968 [http-nio-8080-exec-4] INFO  com.example.Filter.TokenFilter-令牌验证成功
2026-04-09 13:25:14.969 [http-nio-8080-exec-4] INFO  com.example.Controller.ChuanController-查询所有川菜
2026-04-09 13:25:14.969 [http-nio-8080-exec-4] INFO  com.example.Service.impl.ChuanServiceImpl-查询所有川菜ChuanServiceImpl
2026-04-09 13:25:16.855 [http-nio-8080-exec-5] INFO  com.example.Filter.TokenFilter-当前员工id为:3
2026-04-09 13:25:16.855 [http-nio-8080-exec-5] INFO  com.example.Filter.TokenFilter-令牌验证成功
2026-04-09 13:25:16.855 [http-nio-8080-exec-5] INFO  com.example.Controller.XiangController-查询所有湘菜
2026-04-09 13:25:16.855 [http-nio-8080-exec-5] INFO  com.example.Service.impl.XiangServiceImpl-查询所有川菜XiangServiceImpl
2026-04-09 13:25:17.377 [http-nio-8080-exec-6] INFO  com.example.Filter.TokenFilter-当前员工id为:3
2026-04-09 13:25:17.377 [http-nio-8080-exec-6] INFO  com.example.Filter.TokenFilter-令牌验证成功
2026-04-09 13:25:17.377 [http-nio-8080-exec-6] INFO  com.example.Controller.XiangController-查询所有湘菜
2026-04-09 13:25:17.377 [http-nio-8080-exec-6] INFO  com.example.Service.impl.XiangServiceImpl-查询所有川菜XiangServiceImpl
2026-04-09 13:25:21.839 [http-nio-8080-exec-7] INFO  com.example.Filter.TokenFilter-当前员工id为:3
2026-04-09 13:25:21.841 [http-nio-8080-exec-7] INFO  com.example.Filter.TokenFilter-令牌验证成功
2026-04-09 13:25:21.841 [http-nio-8080-exec-7] INFO  com.example.Controller.XiangController-查询单个菜品
2026-04-09 13:25:21.841 [http-nio-8080-exec-7] INFO  com.example.Service.impl.XiangServiceImpl-查询单个菜品XiangServiceImpl
2026-04-09 13:25:32.651 [http-nio-8080-exec-8] INFO  com.example.Filter.TokenFilter-当前员工id为:3
2026-04-09 13:25:32.652 [http-nio-8080-exec-8] INFO  com.example.Filter.TokenFilter-令牌验证成功
2026-04-09 13:25:32.652 [http-nio-8080-exec-8] INFO  com.example.Controller.ChuanController-查询所有川菜
2026-04-09 13:25:32.653 [http-nio-8080-exec-8] INFO  com.example.Service.impl.ChuanServiceImpl-查询所有川菜ChuanServiceImpl
2026-04-09 13:25:54.984 [http-nio-8080-exec-9] INFO  com.example.Filter.TokenFilter-当前员工id为:3
2026-04-09 13:25:54.985 [http-nio-8080-exec-9] INFO  com.example.Filter.TokenFilter-令牌验证成功
2026-04-09 13:25:54.986 [http-nio-8080-exec-9] INFO  com.example.Controller.XiangController-查询所有湘菜
2026-04-09 13:25:54.986 [http-nio-8080-exec-9] INFO  com.example.Service.impl.XiangServiceImpl-查询所有川菜XiangServiceImpl
2026-04-09 13:25:57.261 [http-nio-8080-exec-10] INFO  com.example.Filter.TokenFilter-当前员工id为:3
2026-04-09 13:25:57.261 [http-nio-8080-exec-10] INFO  com.example.Filter.TokenFilter-令牌验证成功
2026-04-09 13:25:57.262 [http-nio-8080-exec-10] INFO  com.example.Controller.LuController-查询所有鲁菜
2026-04-09 13:25:57.262 [http-nio-8080-exec-10] INFO  com.example.Service.impl.LuServiceImpl-查询所有鲁菜LuServiceImpl
2026-04-09 13:26:04.502 [http-nio-8080-exec-1] INFO  com.example.Filter.TokenFilter-当前员工id为:3
2026-04-09 13:26:04.502 [http-nio-8080-exec-1] INFO  com.example.Filter.TokenFilter-令牌验证成功
2026-04-09 13:26:04.502 [http-nio-8080-exec-1] INFO  com.example.Controller.ZhuController-查询所有主食
2026-04-09 13:26:04.502 [http-nio-8080-exec-1] INFO  com.example.Service.impl.ZhuServiceImpl-查询所有主食ZhuServiceImpl
2026-04-09 13:33:09.503 [http-nio-8080-exec-2] INFO  com.example.Filter.TokenFilter-当前员工id为:3
2026-04-09 13:33:09.505 [http-nio-8080-exec-2] INFO  com.example.Filter.TokenFilter-令牌验证成功
2026-04-09 13:33:09.511 [http-nio-8080-exec-2] INFO  com.example.Controller.ZhuController-Ai分析菜品
2026-04-09 13:35:08.221 [http-nio-8080-exec-4] INFO  com.example.Filter.TokenFilter-当前员工id为:3
2026-04-09 13:35:08.221 [http-nio-8080-exec-4] INFO  com.example.Filter.TokenFilter-令牌验证成功
2026-04-09 13:35:08.221 [http-nio-8080-exec-4] INFO  com.example.Controller.ZhuController-Ai分析菜品
2026-04-09 13:36:00.737 [http-nio-8080-exec-6] INFO  com.example.Filter.TokenFilter-当前员工id为:3
2026-04-09 13:36:00.737 [http-nio-8080-exec-6] INFO  com.example.Filter.TokenFilter-令牌验证成功
2026-04-09 13:36:00.739 [http-nio-8080-exec-6] INFO  com.example.Controller.ZhuController-Ai分析菜品
2026-04-09 13:37:12.766 [http-nio-8080-exec-8] INFO  com.example.Filter.TokenFilter-当前员工id为:3
2026-04-09 13:37:12.766 [http-nio-8080-exec-8] INFO  com.example.Filter.TokenFilter-令牌验证成功
2026-04-09 13:37:12.771 [http-nio-8080-exec-8] INFO  com.example.Controller.ZhuController-Ai分析菜品
2026-04-09 13:38:01.671 [http-nio-8080-exec-10] INFO  com.example.Filter.TokenFilter-当前员工id为:3
2026-04-09 13:38:01.671 [http-nio-8080-exec-10] INFO  com.example.Filter.TokenFilter-令牌验证成功
2026-04-09 13:38:01.671 [http-nio-8080-exec-10] INFO  com.example.Controller.ZhuController-Ai分析菜品
2026-04-09 13:42:39.961 [SpringApplicationShutdownHook] INFO  o.s.boot.web.embedded.tomcat.GracefulShutdown-Commencing graceful shutdown. Waiting for active requests to complete
2026-04-09 13:42:40.103 [tomcat-shutdown] INFO  o.s.boot.web.embedded.tomcat.GracefulShutdown-Graceful shutdown complete
2026-04-09 13:42:40.119 [SpringApplicationShutdownHook] INFO  com.zaxxer.hikari.HikariDataSource-HikariPool-1 - Shutdown initiated...
2026-04-09 13:42:40.131 [SpringApplicationShutdownHook] INFO  com.zaxxer.hikari.HikariDataSource-HikariPool-1 - Shutdown completed.
