2026-04-25 17:53:41.153 [main] INFO  o.s.t.c.support.AnnotationConfigContextLoaderUtils-Could not detect default configuration classes for test class [com.example.dining_manage.Test]: Test does not declare any static, non-private, non-final, nested classes annotated with @Configuration.
2026-04-25 17:53:41.230 [main] INFO  o.s.b.t.context.SpringBootTestContextBootstrapper-Found @SpringBootConfiguration com.example.DiningManageApplication for test class com.example.dining_manage.Test
2026-04-25 17:53:41.581 [main] INFO  com.example.dining_manage.Test-Starting Test using Java 17.0.12 with PID 1400 (started by Administrator in D:\work-develop-app\java\Web_AI_02\dining_manager\dining_manage)
2026-04-25 17:53:41.581 [main] INFO  com.example.dining_manage.Test-No active profile set, falling back to 1 default profile: "default"
2026-04-25 17:53:42.513 [main] INFO  o.s.d.r.config.RepositoryConfigurationDelegate-Multiple Spring Data modules found, entering strict repository configuration mode
2026-04-25 17:53:42.517 [main] INFO  o.s.d.r.config.RepositoryConfigurationDelegate-Bootstrapping Spring Data Redis repositories in DEFAULT mode.
2026-04-25 17:53:42.539 [main] INFO  o.s.d.r.config.RepositoryConfigurationDelegate-Finished Spring Data repository scanning in 6 ms. Found 0 Redis repository interfaces.
2026-04-25 17:53:44.321 [main] INFO  com.example.Config.RedisConfiguration-开始创建redis对象
2026-04-25 17:53:44.446 [main] INFO  com.example.Config.WebMvcConfiguration-开始创建接口文档 OpenAPI 3.0
2026-04-25 17:53:44.744 [main] INFO  o.s.v.beanvalidation.OptionalValidatorFactoryBean-Failed to set up a Bean Validation provider: jakarta.validation.NoProviderFoundException: Unable to create a Configuration, because no Jakarta Bean Validation provider could be found. Add a provider like Hibernate Validator (RI) to your classpath.
2026-04-25 17:53:46.130 [main] INFO  o.s.b.actuate.endpoint.web.EndpointLinksResolver-Exposing 1 endpoint beneath base path '/actuator'
2026-04-25 17:53:46.198 [main] INFO  com.example.dining_manage.Test-Started Test in 4.855 seconds (process running for 5.658)
2026-04-25 17:54:29.237 [main] INFO  o.s.t.c.support.AnnotationConfigContextLoaderUtils-Could not detect default configuration classes for test class [com.example.dining_manage.Test]: Test does not declare any static, non-private, non-final, nested classes annotated with @Configuration.
2026-04-25 17:54:29.316 [main] INFO  o.s.b.t.context.SpringBootTestContextBootstrapper-Found @SpringBootConfiguration com.example.DiningManageApplication for test class com.example.dining_manage.Test
2026-04-25 17:54:29.611 [main] INFO  com.example.dining_manage.Test-Starting Test using Java 17.0.12 with PID 21472 (started by Administrator in D:\work-develop-app\java\Web_AI_02\dining_manager\dining_manage)
2026-04-25 17:54:29.612 [main] INFO  com.example.dining_manage.Test-No active profile set, falling back to 1 default profile: "default"
2026-04-25 17:54:30.502 [main] INFO  o.s.d.r.config.RepositoryConfigurationDelegate-Multiple Spring Data modules found, entering strict repository configuration mode
2026-04-25 17:54:30.504 [main] INFO  o.s.d.r.config.RepositoryConfigurationDelegate-Bootstrapping Spring Data Redis repositories in DEFAULT mode.
2026-04-25 17:54:30.527 [main] INFO  o.s.d.r.config.RepositoryConfigurationDelegate-Finished Spring Data repository scanning in 7 ms. Found 0 Redis repository interfaces.
2026-04-25 17:54:32.100 [main] INFO  com.example.Config.RedisConfiguration-开始创建redis对象
2026-04-25 17:54:32.234 [main] INFO  com.example.Config.WebMvcConfiguration-开始创建接口文档 OpenAPI 3.0
2026-04-25 17:54:32.517 [main] INFO  o.s.v.beanvalidation.OptionalValidatorFactoryBean-Failed to set up a Bean Validation provider: jakarta.validation.NoProviderFoundException: Unable to create a Configuration, because no Jakarta Bean Validation provider could be found. Add a provider like Hibernate Validator (RI) to your classpath.
2026-04-25 17:54:33.767 [main] INFO  o.s.b.actuate.endpoint.web.EndpointLinksResolver-Exposing 1 endpoint beneath base path '/actuator'
2026-04-25 17:54:33.838 [main] INFO  com.example.dining_manage.Test-Started Test in 4.433 seconds (process running for 5.122)
2026-04-25 18:04:49.020 [main] INFO  o.s.t.c.support.AnnotationConfigContextLoaderUtils-Could not detect default configuration classes for test class [com.example.dining_manage.Test]: Test does not declare any static, non-private, non-final, nested classes annotated with @Configuration.
2026-04-25 18:04:49.096 [main] INFO  o.s.b.t.context.SpringBootTestContextBootstrapper-Found @SpringBootConfiguration com.example.DiningManageApplication for test class com.example.dining_manage.Test
2026-04-25 18:04:49.383 [main] INFO  com.example.dining_manage.Test-Starting Test using Java 17.0.12 with PID 13012 (started by Administrator in D:\work-develop-app\java\Web_AI_02\dining_manager\dining_manage)
2026-04-25 18:04:49.384 [main] INFO  com.example.dining_manage.Test-No active profile set, falling back to 1 default profile: "default"
2026-04-25 18:04:50.252 [main] INFO  o.s.d.r.config.RepositoryConfigurationDelegate-Multiple Spring Data modules found, entering strict repository configuration mode
2026-04-25 18:04:50.254 [main] INFO  o.s.d.r.config.RepositoryConfigurationDelegate-Bootstrapping Spring Data Redis repositories in DEFAULT mode.
2026-04-25 18:04:50.275 [main] INFO  o.s.d.r.config.RepositoryConfigurationDelegate-Finished Spring Data repository scanning in 7 ms. Found 0 Redis repository interfaces.
2026-04-25 18:04:51.935 [main] INFO  com.example.Config.RedisConfiguration-开始创建redis对象
2026-04-25 18:04:52.036 [main] INFO  com.example.Config.WebMvcConfiguration-开始创建接口文档 OpenAPI 3.0
2026-04-25 18:04:52.317 [main] INFO  o.s.v.beanvalidation.OptionalValidatorFactoryBean-Failed to set up a Bean Validation provider: jakarta.validation.NoProviderFoundException: Unable to create a Configuration, because no Jakarta Bean Validation provider could be found. Add a provider like Hibernate Validator (RI) to your classpath.
2026-04-25 18:04:53.712 [main] INFO  o.s.b.actuate.endpoint.web.EndpointLinksResolver-Exposing 1 endpoint beneath base path '/actuator'
2026-04-25 18:04:53.789 [main] INFO  com.example.dining_manage.Test-Started Test in 4.607 seconds (process running for 5.295)
2026-04-25 18:05:17.153 [main] INFO  o.s.t.c.support.AnnotationConfigContextLoaderUtils-Could not detect default configuration classes for test class [com.example.dining_manage.Test]: Test does not declare any static, non-private, non-final, nested classes annotated with @Configuration.
2026-04-25 18:05:17.232 [main] INFO  o.s.b.t.context.SpringBootTestContextBootstrapper-Found @SpringBootConfiguration com.example.DiningManageApplication for test class com.example.dining_manage.Test
2026-04-25 18:05:17.521 [main] INFO  com.example.dining_manage.Test-Starting Test using Java 17.0.12 with PID 2188 (started by Administrator in D:\work-develop-app\java\Web_AI_02\dining_manager\dining_manage)
2026-04-25 18:05:17.521 [main] INFO  com.example.dining_manage.Test-No active profile set, falling back to 1 default profile: "default"
2026-04-25 18:05:18.381 [main] INFO  o.s.d.r.config.RepositoryConfigurationDelegate-Multiple Spring Data modules found, entering strict repository configuration mode
2026-04-25 18:05:18.383 [main] INFO  o.s.d.r.config.RepositoryConfigurationDelegate-Bootstrapping Spring Data Redis repositories in DEFAULT mode.
2026-04-25 18:05:18.404 [main] INFO  o.s.d.r.config.RepositoryConfigurationDelegate-Finished Spring Data repository scanning in 7 ms. Found 0 Redis repository interfaces.
2026-04-25 18:05:20.080 [main] INFO  com.example.Config.RedisConfiguration-开始创建redis对象
2026-04-25 18:05:20.179 [main] INFO  com.example.Config.WebMvcConfiguration-开始创建接口文档 OpenAPI 3.0
2026-04-25 18:05:20.463 [main] INFO  o.s.v.beanvalidation.OptionalValidatorFactoryBean-Failed to set up a Bean Validation provider: jakarta.validation.NoProviderFoundException: Unable to create a Configuration, because no Jakarta Bean Validation provider could be found. Add a provider like Hibernate Validator (RI) to your classpath.
2026-04-25 18:05:21.851 [main] INFO  o.s.b.actuate.endpoint.web.EndpointLinksResolver-Exposing 1 endpoint beneath base path '/actuator'
2026-04-25 18:05:21.931 [main] INFO  com.example.dining_manage.Test-Started Test in 4.612 seconds (process running for 5.302)
2026-04-25 18:06:20.168 [main] INFO  o.s.t.c.support.AnnotationConfigContextLoaderUtils-Could not detect default configuration classes for test class [com.example.dining_manage.Test]: Test does not declare any static, non-private, non-final, nested classes annotated with @Configuration.
2026-04-25 18:06:20.248 [main] INFO  o.s.b.t.context.SpringBootTestContextBootstrapper-Found @SpringBootConfiguration com.example.DiningManageApplication for test class com.example.dining_manage.Test
2026-04-25 18:06:20.545 [main] INFO  com.example.dining_manage.Test-Starting Test using Java 17.0.12 with PID 7736 (started by Administrator in D:\work-develop-app\java\Web_AI_02\dining_manager\dining_manage)
2026-04-25 18:06:20.546 [main] INFO  com.example.dining_manage.Test-No active profile set, falling back to 1 default profile: "default"
2026-04-25 18:06:21.443 [main] INFO  o.s.d.r.config.RepositoryConfigurationDelegate-Multiple Spring Data modules found, entering strict repository configuration mode
2026-04-25 18:06:21.445 [main] INFO  o.s.d.r.config.RepositoryConfigurationDelegate-Bootstrapping Spring Data Redis repositories in DEFAULT mode.
2026-04-25 18:06:21.467 [main] INFO  o.s.d.r.config.RepositoryConfigurationDelegate-Finished Spring Data repository scanning in 7 ms. Found 0 Redis repository interfaces.
2026-04-25 18:06:23.170 [main] INFO  com.example.Config.RedisConfiguration-开始创建redis对象
2026-04-25 18:06:23.281 [main] INFO  com.example.Config.WebMvcConfiguration-开始创建接口文档 OpenAPI 3.0
2026-04-25 18:06:23.549 [main] INFO  o.s.v.beanvalidation.OptionalValidatorFactoryBean-Failed to set up a Bean Validation provider: jakarta.validation.NoProviderFoundException: Unable to create a Configuration, because no Jakarta Bean Validation provider could be found. Add a provider like Hibernate Validator (RI) to your classpath.
2026-04-25 18:06:24.937 [main] INFO  o.s.b.actuate.endpoint.web.EndpointLinksResolver-Exposing 1 endpoint beneath base path '/actuator'
2026-04-25 18:06:25.019 [main] INFO  com.example.dining_manage.Test-Started Test in 4.683 seconds (process running for 5.361)
2026-04-25 18:07:14.142 [main] INFO  o.s.t.c.support.AnnotationConfigContextLoaderUtils-Could not detect default configuration classes for test class [com.example.dining_manage.Test]: Test does not declare any static, non-private, non-final, nested classes annotated with @Configuration.
2026-04-25 18:07:14.221 [main] INFO  o.s.b.t.context.SpringBootTestContextBootstrapper-Found @SpringBootConfiguration com.example.DiningManageApplication for test class com.example.dining_manage.Test
2026-04-25 18:07:14.517 [main] INFO  com.example.dining_manage.Test-Starting Test using Java 17.0.12 with PID 15572 (started by Administrator in D:\work-develop-app\java\Web_AI_02\dining_manager\dining_manage)
2026-04-25 18:07:14.518 [main] INFO  com.example.dining_manage.Test-No active profile set, falling back to 1 default profile: "default"
2026-04-25 18:07:15.399 [main] INFO  o.s.d.r.config.RepositoryConfigurationDelegate-Multiple Spring Data modules found, entering strict repository configuration mode
2026-04-25 18:07:15.402 [main] INFO  o.s.d.r.config.RepositoryConfigurationDelegate-Bootstrapping Spring Data Redis repositories in DEFAULT mode.
2026-04-25 18:07:15.426 [main] INFO  o.s.d.r.config.RepositoryConfigurationDelegate-Finished Spring Data repository scanning in 9 ms. Found 0 Redis repository interfaces.
2026-04-25 18:07:17.056 [main] INFO  com.example.Config.RedisConfiguration-开始创建redis对象
2026-04-25 18:07:17.167 [main] INFO  com.example.Config.WebMvcConfiguration-开始创建接口文档 OpenAPI 3.0
2026-04-25 18:07:17.456 [main] INFO  o.s.v.beanvalidation.OptionalValidatorFactoryBean-Failed to set up a Bean Validation provider: jakarta.validation.NoProviderFoundException: Unable to create a Configuration, because no Jakarta Bean Validation provider could be found. Add a provider like Hibernate Validator (RI) to your classpath.
2026-04-25 18:07:18.785 [main] INFO  o.s.b.actuate.endpoint.web.EndpointLinksResolver-Exposing 1 endpoint beneath base path '/actuator'
2026-04-25 18:07:18.859 [main] INFO  com.example.dining_manage.Test-Started Test in 4.552 seconds (process running for 5.241)
2026-04-25 18:14:04.238 [main] INFO  o.s.t.c.support.AnnotationConfigContextLoaderUtils-Could not detect default configuration classes for test class [com.example.dining_manage.Test]: Test does not declare any static, non-private, non-final, nested classes annotated with @Configuration.
2026-04-25 18:14:04.315 [main] INFO  o.s.b.t.context.SpringBootTestContextBootstrapper-Found @SpringBootConfiguration com.example.DiningManageApplication for test class com.example.dining_manage.Test
2026-04-25 18:14:04.599 [main] INFO  com.example.dining_manage.Test-Starting Test using Java 17.0.12 with PID 18560 (started by Administrator in D:\work-develop-app\java\Web_AI_02\dining_manager\dining_manage)
2026-04-25 18:14:04.599 [main] INFO  com.example.dining_manage.Test-No active profile set, falling back to 1 default profile: "default"
2026-04-25 18:14:05.446 [main] INFO  o.s.d.r.config.RepositoryConfigurationDelegate-Multiple Spring Data modules found, entering strict repository configuration mode
2026-04-25 18:14:05.448 [main] INFO  o.s.d.r.config.RepositoryConfigurationDelegate-Bootstrapping Spring Data Redis repositories in DEFAULT mode.
2026-04-25 18:14:05.469 [main] INFO  o.s.d.r.config.RepositoryConfigurationDelegate-Finished Spring Data repository scanning in 7 ms. Found 0 Redis repository interfaces.
2026-04-25 18:14:07.236 [main] INFO  com.example.Config.RedisConfiguration-开始创建redis对象
2026-04-25 18:14:07.340 [main] INFO  com.example.Config.WebMvcConfiguration-开始创建接口文档 OpenAPI 3.0
2026-04-25 18:14:07.599 [main] INFO  o.s.v.beanvalidation.OptionalValidatorFactoryBean-Failed to set up a Bean Validation provider: jakarta.validation.NoProviderFoundException: Unable to create a Configuration, because no Jakarta Bean Validation provider could be found. Add a provider like Hibernate Validator (RI) to your classpath.
2026-04-25 18:14:08.840 [main] INFO  o.s.b.actuate.endpoint.web.EndpointLinksResolver-Exposing 1 endpoint beneath base path '/actuator'
2026-04-25 18:14:08.932 [main] INFO  com.example.dining_manage.Test-Started Test in 4.534 seconds (process running for 5.21)
2026-04-25 18:16:03.793 [main] INFO  o.s.t.c.support.AnnotationConfigContextLoaderUtils-Could not detect default configuration classes for test class [com.example.dining_manage.Test]: Test does not declare any static, non-private, non-final, nested classes annotated with @Configuration.
2026-04-25 18:16:03.870 [main] INFO  o.s.b.t.context.SpringBootTestContextBootstrapper-Found @SpringBootConfiguration com.example.DiningManageApplication for test class com.example.dining_manage.Test
2026-04-25 18:16:04.163 [main] INFO  com.example.dining_manage.Test-Starting Test using Java 17.0.12 with PID 17312 (started by Administrator in D:\work-develop-app\java\Web_AI_02\dining_manager\dining_manage)
2026-04-25 18:16:04.164 [main] INFO  com.example.dining_manage.Test-No active profile set, falling back to 1 default profile: "default"
2026-04-25 18:16:05.018 [main] INFO  o.s.d.r.config.RepositoryConfigurationDelegate-Multiple Spring Data modules found, entering strict repository configuration mode
2026-04-25 18:16:05.021 [main] INFO  o.s.d.r.config.RepositoryConfigurationDelegate-Bootstrapping Spring Data Redis repositories in DEFAULT mode.
2026-04-25 18:16:05.042 [main] INFO  o.s.d.r.config.RepositoryConfigurationDelegate-Finished Spring Data repository scanning in 7 ms. Found 0 Redis repository interfaces.
2026-04-25 18:16:06.713 [main] INFO  com.example.Config.RedisConfiguration-开始创建redis对象
2026-04-25 18:16:06.813 [main] INFO  com.example.Config.WebMvcConfiguration-开始创建接口文档 OpenAPI 3.0
2026-04-25 18:16:07.093 [main] INFO  o.s.v.beanvalidation.OptionalValidatorFactoryBean-Failed to set up a Bean Validation provider: jakarta.validation.NoProviderFoundException: Unable to create a Configuration, because no Jakarta Bean Validation provider could be found. Add a provider like Hibernate Validator (RI) to your classpath.
2026-04-25 18:16:08.584 [main] INFO  o.s.b.actuate.endpoint.web.EndpointLinksResolver-Exposing 1 endpoint beneath base path '/actuator'
2026-04-25 18:16:08.665 [main] INFO  com.example.dining_manage.Test-Started Test in 4.708 seconds (process running for 5.394)
2026-04-25 18:18:15.505 [main] INFO  o.s.t.c.support.AnnotationConfigContextLoaderUtils-Could not detect default configuration classes for test class [com.example.dining_manage.Test]: Test does not declare any static, non-private, non-final, nested classes annotated with @Configuration.
2026-04-25 18:18:15.596 [main] INFO  o.s.b.t.context.SpringBootTestContextBootstrapper-Found @SpringBootConfiguration com.example.DiningManageApplication for test class com.example.dining_manage.Test
2026-04-25 18:18:15.930 [main] INFO  com.example.dining_manage.Test-Starting Test using Java 17.0.12 with PID 21772 (started by Administrator in D:\work-develop-app\java\Web_AI_02\dining_manager\dining_manage)
2026-04-25 18:18:15.931 [main] INFO  com.example.dining_manage.Test-No active profile set, falling back to 1 default profile: "default"
2026-04-25 18:18:16.900 [main] INFO  o.s.d.r.config.RepositoryConfigurationDelegate-Multiple Spring Data modules found, entering strict repository configuration mode
2026-04-25 18:18:16.902 [main] INFO  o.s.d.r.config.RepositoryConfigurationDelegate-Bootstrapping Spring Data Redis repositories in DEFAULT mode.
2026-04-25 18:18:16.930 [main] INFO  o.s.d.r.config.RepositoryConfigurationDelegate-Finished Spring Data repository scanning in 10 ms. Found 0 Redis repository interfaces.
2026-04-25 18:18:18.964 [main] INFO  com.example.Config.RedisConfiguration-开始创建redis对象
2026-04-25 18:18:19.068 [main] INFO  com.example.Config.WebMvcConfiguration-开始创建接口文档 OpenAPI 3.0
2026-04-25 18:18:19.388 [main] INFO  o.s.v.beanvalidation.OptionalValidatorFactoryBean-Failed to set up a Bean Validation provider: jakarta.validation.NoProviderFoundException: Unable to create a Configuration, because no Jakarta Bean Validation provider could be found. Add a provider like Hibernate Validator (RI) to your classpath.
2026-04-25 18:18:21.231 [main] INFO  o.s.b.actuate.endpoint.web.EndpointLinksResolver-Exposing 1 endpoint beneath base path '/actuator'
2026-04-25 18:18:21.316 [main] INFO  com.example.dining_manage.Test-Started Test in 5.61 seconds (process running for 6.807)
2026-04-25 18:25:20.145 [main] INFO  o.s.t.c.support.AnnotationConfigContextLoaderUtils-Could not detect default configuration classes for test class [com.example.dining_manage.Test]: Test does not declare any static, non-private, non-final, nested classes annotated with @Configuration.
2026-04-25 18:25:20.222 [main] INFO  o.s.b.t.context.SpringBootTestContextBootstrapper-Found @SpringBootConfiguration com.example.DiningManageApplication for test class com.example.dining_manage.Test
2026-04-25 18:25:20.502 [main] INFO  com.example.dining_manage.Test-Starting Test using Java 17.0.12 with PID 8604 (started by Administrator in D:\work-develop-app\java\Web_AI_02\dining_manager\dining_manage)
2026-04-25 18:25:20.503 [main] INFO  com.example.dining_manage.Test-No active profile set, falling back to 1 default profile: "default"
2026-04-25 18:25:21.333 [main] INFO  o.s.d.r.config.RepositoryConfigurationDelegate-Multiple Spring Data modules found, entering strict repository configuration mode
2026-04-25 18:25:21.335 [main] INFO  o.s.d.r.config.RepositoryConfigurationDelegate-Bootstrapping Spring Data Redis repositories in DEFAULT mode.
2026-04-25 18:25:21.355 [main] INFO  o.s.d.r.config.RepositoryConfigurationDelegate-Finished Spring Data repository scanning in 6 ms. Found 0 Redis repository interfaces.
2026-04-25 18:25:23.006 [main] INFO  com.example.Config.RedisConfiguration-开始创建redis对象
2026-04-25 18:25:23.112 [main] INFO  com.example.Config.WebMvcConfiguration-开始创建接口文档 OpenAPI 3.0
2026-04-25 18:25:23.395 [main] INFO  o.s.v.beanvalidation.OptionalValidatorFactoryBean-Failed to set up a Bean Validation provider: jakarta.validation.NoProviderFoundException: Unable to create a Configuration, because no Jakarta Bean Validation provider could be found. Add a provider like Hibernate Validator (RI) to your classpath.
2026-04-25 18:25:24.797 [main] INFO  o.s.b.actuate.endpoint.web.EndpointLinksResolver-Exposing 1 endpoint beneath base path '/actuator'
2026-04-25 18:25:24.894 [main] INFO  com.example.dining_manage.Test-Started Test in 4.585 seconds (process running for 5.263)
2026-04-25 18:26:13.249 [main] INFO  o.s.t.c.support.AnnotationConfigContextLoaderUtils-Could not detect default configuration classes for test class [com.example.dining_manage.Test]: Test does not declare any static, non-private, non-final, nested classes annotated with @Configuration.
2026-04-25 18:26:13.325 [main] INFO  o.s.b.t.context.SpringBootTestContextBootstrapper-Found @SpringBootConfiguration com.example.DiningManageApplication for test class com.example.dining_manage.Test
2026-04-25 18:26:13.589 [main] INFO  com.example.dining_manage.Test-Starting Test using Java 17.0.12 with PID 5652 (started by Administrator in D:\work-develop-app\java\Web_AI_02\dining_manager\dining_manage)
2026-04-25 18:26:13.590 [main] INFO  com.example.dining_manage.Test-No active profile set, falling back to 1 default profile: "default"
2026-04-25 18:26:14.463 [main] INFO  o.s.d.r.config.RepositoryConfigurationDelegate-Multiple Spring Data modules found, entering strict repository configuration mode
2026-04-25 18:26:14.465 [main] INFO  o.s.d.r.config.RepositoryConfigurationDelegate-Bootstrapping Spring Data Redis repositories in DEFAULT mode.
2026-04-25 18:26:14.488 [main] INFO  o.s.d.r.config.RepositoryConfigurationDelegate-Finished Spring Data repository scanning in 9 ms. Found 0 Redis repository interfaces.
2026-04-25 18:26:16.059 [main] INFO  com.example.Config.RedisConfiguration-开始创建redis对象
2026-04-25 18:26:16.158 [main] INFO  com.example.Config.WebMvcConfiguration-开始创建接口文档 OpenAPI 3.0
2026-04-25 18:26:16.441 [main] INFO  o.s.v.beanvalidation.OptionalValidatorFactoryBean-Failed to set up a Bean Validation provider: jakarta.validation.NoProviderFoundException: Unable to create a Configuration, because no Jakarta Bean Validation provider could be found. Add a provider like Hibernate Validator (RI) to your classpath.
2026-04-25 18:26:17.741 [main] INFO  o.s.b.actuate.endpoint.web.EndpointLinksResolver-Exposing 1 endpoint beneath base path '/actuator'
2026-04-25 18:26:17.824 [main] INFO  com.example.dining_manage.Test-Started Test in 4.413 seconds (process running for 5.086)
2026-04-25 18:29:08.543 [main] INFO  o.s.t.c.support.AnnotationConfigContextLoaderUtils-Could not detect default configuration classes for test class [com.example.dining_manage.Test]: Test does not declare any static, non-private, non-final, nested classes annotated with @Configuration.
2026-04-25 18:29:08.624 [main] INFO  o.s.b.t.context.SpringBootTestContextBootstrapper-Found @SpringBootConfiguration com.example.DiningManageApplication for test class com.example.dining_manage.Test
2026-04-25 18:29:08.913 [main] INFO  com.example.dining_manage.Test-Starting Test using Java 17.0.12 with PID 17564 (started by Administrator in D:\work-develop-app\java\Web_AI_02\dining_manager\dining_manage)
2026-04-25 18:29:08.914 [main] INFO  com.example.dining_manage.Test-No active profile set, falling back to 1 default profile: "default"
2026-04-25 18:29:09.767 [main] INFO  o.s.d.r.config.RepositoryConfigurationDelegate-Multiple Spring Data modules found, entering strict repository configuration mode
2026-04-25 18:29:09.768 [main] INFO  o.s.d.r.config.RepositoryConfigurationDelegate-Bootstrapping Spring Data Redis repositories in DEFAULT mode.
2026-04-25 18:29:09.792 [main] INFO  o.s.d.r.config.RepositoryConfigurationDelegate-Finished Spring Data repository scanning in 8 ms. Found 0 Redis repository interfaces.
2026-04-25 18:29:11.367 [main] INFO  com.example.Config.RedisConfiguration-开始创建redis对象
2026-04-25 18:29:11.454 [main] INFO  com.example.Config.WebMvcConfiguration-开始创建接口文档 OpenAPI 3.0
2026-04-25 18:29:11.711 [main] INFO  o.s.v.beanvalidation.OptionalValidatorFactoryBean-Failed to set up a Bean Validation provider: jakarta.validation.NoProviderFoundException: Unable to create a Configuration, because no Jakarta Bean Validation provider could be found. Add a provider like Hibernate Validator (RI) to your classpath.
2026-04-25 18:29:13.029 [main] INFO  o.s.b.actuate.endpoint.web.EndpointLinksResolver-Exposing 1 endpoint beneath base path '/actuator'
2026-04-25 18:29:13.104 [main] INFO  com.example.dining_manage.Test-Started Test in 4.396 seconds (process running for 5.072)
2026-04-25 18:29:35.740 [main] INFO  o.s.t.c.support.AnnotationConfigContextLoaderUtils-Could not detect default configuration classes for test class [com.example.dining_manage.Test]: Test does not declare any static, non-private, non-final, nested classes annotated with @Configuration.
2026-04-25 18:29:35.818 [main] INFO  o.s.b.t.context.SpringBootTestContextBootstrapper-Found @SpringBootConfiguration com.example.DiningManageApplication for test class com.example.dining_manage.Test
2026-04-25 18:29:36.110 [main] INFO  com.example.dining_manage.Test-Starting Test using Java 17.0.12 with PID 14636 (started by Administrator in D:\work-develop-app\java\Web_AI_02\dining_manager\dining_manage)
2026-04-25 18:29:36.111 [main] INFO  com.example.dining_manage.Test-No active profile set, falling back to 1 default profile: "default"
2026-04-25 18:29:36.977 [main] INFO  o.s.d.r.config.RepositoryConfigurationDelegate-Multiple Spring Data modules found, entering strict repository configuration mode
2026-04-25 18:29:36.979 [main] INFO  o.s.d.r.config.RepositoryConfigurationDelegate-Bootstrapping Spring Data Redis repositories in DEFAULT mode.
2026-04-25 18:29:37.003 [main] INFO  o.s.d.r.config.RepositoryConfigurationDelegate-Finished Spring Data repository scanning in 9 ms. Found 0 Redis repository interfaces.
2026-04-25 18:29:38.652 [main] INFO  com.example.Config.RedisConfiguration-开始创建redis对象
2026-04-25 18:29:38.782 [main] INFO  com.example.Config.WebMvcConfiguration-开始创建接口文档 OpenAPI 3.0
2026-04-25 18:29:39.046 [main] INFO  o.s.v.beanvalidation.OptionalValidatorFactoryBean-Failed to set up a Bean Validation provider: jakarta.validation.NoProviderFoundException: Unable to create a Configuration, because no Jakarta Bean Validation provider could be found. Add a provider like Hibernate Validator (RI) to your classpath.
2026-04-25 18:29:40.387 [main] INFO  o.s.b.actuate.endpoint.web.EndpointLinksResolver-Exposing 1 endpoint beneath base path '/actuator'
2026-04-25 18:29:40.480 [main] INFO  com.example.dining_manage.Test-Started Test in 4.578 seconds (process running for 5.261)
2026-04-25 18:30:58.642 [main] INFO  o.s.t.c.support.AnnotationConfigContextLoaderUtils-Could not detect default configuration classes for test class [com.example.dining_manage.Test]: Test does not declare any static, non-private, non-final, nested classes annotated with @Configuration.
2026-04-25 18:30:58.723 [main] INFO  o.s.b.t.context.SpringBootTestContextBootstrapper-Found @SpringBootConfiguration com.example.DiningManageApplication for test class com.example.dining_manage.Test
2026-04-25 18:30:59.012 [main] INFO  com.example.dining_manage.Test-Starting Test using Java 17.0.12 with PID 8348 (started by Administrator in D:\work-develop-app\java\Web_AI_02\dining_manager\dining_manage)
2026-04-25 18:30:59.014 [main] INFO  com.example.dining_manage.Test-No active profile set, falling back to 1 default profile: "default"
2026-04-25 18:30:59.879 [main] INFO  o.s.d.r.config.RepositoryConfigurationDelegate-Multiple Spring Data modules found, entering strict repository configuration mode
2026-04-25 18:30:59.881 [main] INFO  o.s.d.r.config.RepositoryConfigurationDelegate-Bootstrapping Spring Data Redis repositories in DEFAULT mode.
2026-04-25 18:30:59.904 [main] INFO  o.s.d.r.config.RepositoryConfigurationDelegate-Finished Spring Data repository scanning in 8 ms. Found 0 Redis repository interfaces.
2026-04-25 18:31:01.489 [main] INFO  com.example.Config.RedisConfiguration-开始创建redis对象
2026-04-25 18:31:01.580 [main] INFO  com.example.Config.WebMvcConfiguration-开始创建接口文档 OpenAPI 3.0
2026-04-25 18:31:01.840 [main] INFO  o.s.v.beanvalidation.OptionalValidatorFactoryBean-Failed to set up a Bean Validation provider: jakarta.validation.NoProviderFoundException: Unable to create a Configuration, because no Jakarta Bean Validation provider could be found. Add a provider like Hibernate Validator (RI) to your classpath.
2026-04-25 18:31:03.213 [main] INFO  o.s.b.actuate.endpoint.web.EndpointLinksResolver-Exposing 1 endpoint beneath base path '/actuator'
2026-04-25 18:31:03.309 [main] INFO  com.example.dining_manage.Test-Started Test in 4.498 seconds (process running for 5.185)
2026-04-25 18:31:29.633 [main] INFO  o.s.t.c.support.AnnotationConfigContextLoaderUtils-Could not detect default configuration classes for test class [com.example.dining_manage.Test]: Test does not declare any static, non-private, non-final, nested classes annotated with @Configuration.
2026-04-25 18:31:29.714 [main] INFO  o.s.b.t.context.SpringBootTestContextBootstrapper-Found @SpringBootConfiguration com.example.DiningManageApplication for test class com.example.dining_manage.Test
2026-04-25 18:31:30.003 [main] INFO  com.example.dining_manage.Test-Starting Test using Java 17.0.12 with PID 384 (started by Administrator in D:\work-develop-app\java\Web_AI_02\dining_manager\dining_manage)
2026-04-25 18:31:30.004 [main] INFO  com.example.dining_manage.Test-No active profile set, falling back to 1 default profile: "default"
2026-04-25 18:31:30.855 [main] INFO  o.s.d.r.config.RepositoryConfigurationDelegate-Multiple Spring Data modules found, entering strict repository configuration mode
2026-04-25 18:31:30.857 [main] INFO  o.s.d.r.config.RepositoryConfigurationDelegate-Bootstrapping Spring Data Redis repositories in DEFAULT mode.
2026-04-25 18:31:30.879 [main] INFO  o.s.d.r.config.RepositoryConfigurationDelegate-Finished Spring Data repository scanning in 8 ms. Found 0 Redis repository interfaces.
2026-04-25 18:31:32.562 [main] INFO  com.example.Config.RedisConfiguration-开始创建redis对象
2026-04-25 18:31:32.658 [main] INFO  com.example.Config.WebMvcConfiguration-开始创建接口文档 OpenAPI 3.0
2026-04-25 18:31:32.941 [main] INFO  o.s.v.beanvalidation.OptionalValidatorFactoryBean-Failed to set up a Bean Validation provider: jakarta.validation.NoProviderFoundException: Unable to create a Configuration, because no Jakarta Bean Validation provider could be found. Add a provider like Hibernate Validator (RI) to your classpath.
2026-04-25 18:31:34.328 [main] INFO  o.s.b.actuate.endpoint.web.EndpointLinksResolver-Exposing 1 endpoint beneath base path '/actuator'
2026-04-25 18:31:34.390 [main] INFO  com.example.dining_manage.Test-Started Test in 4.593 seconds (process running for 5.274)
2026-04-25 18:35:37.430 [main] INFO  o.s.t.c.support.AnnotationConfigContextLoaderUtils-Could not detect default configuration classes for test class [com.example.dining_manage.Test]: Test does not declare any static, non-private, non-final, nested classes annotated with @Configuration.
2026-04-25 18:35:37.509 [main] INFO  o.s.b.t.context.SpringBootTestContextBootstrapper-Found @SpringBootConfiguration com.example.DiningManageApplication for test class com.example.dining_manage.Test
2026-04-25 18:35:37.789 [main] INFO  com.example.dining_manage.Test-Starting Test using Java 17.0.12 with PID 11988 (started by Administrator in D:\work-develop-app\java\Web_AI_02\dining_manager\dining_manage)
2026-04-25 18:35:37.790 [main] INFO  com.example.dining_manage.Test-No active profile set, falling back to 1 default profile: "default"
2026-04-25 18:35:38.694 [main] INFO  o.s.d.r.config.RepositoryConfigurationDelegate-Multiple Spring Data modules found, entering strict repository configuration mode
2026-04-25 18:35:38.696 [main] INFO  o.s.d.r.config.RepositoryConfigurationDelegate-Bootstrapping Spring Data Redis repositories in DEFAULT mode.
2026-04-25 18:35:38.718 [main] INFO  o.s.d.r.config.RepositoryConfigurationDelegate-Finished Spring Data repository scanning in 7 ms. Found 0 Redis repository interfaces.
2026-04-25 18:35:40.473 [main] INFO  com.example.Config.RedisConfiguration-✅ RedisTemplate 全局序列化配置加载完成
2026-04-25 18:35:40.490 [main] INFO  com.example.Config.WebMvcConfiguration-开始创建接口文档 OpenAPI 3.0
2026-04-25 18:35:40.775 [main] INFO  o.s.v.beanvalidation.OptionalValidatorFactoryBean-Failed to set up a Bean Validation provider: jakarta.validation.NoProviderFoundException: Unable to create a Configuration, because no Jakarta Bean Validation provider could be found. Add a provider like Hibernate Validator (RI) to your classpath.
2026-04-25 18:35:42.059 [main] INFO  o.s.b.actuate.endpoint.web.EndpointLinksResolver-Exposing 1 endpoint beneath base path '/actuator'
2026-04-25 18:35:42.126 [main] INFO  com.example.dining_manage.Test-Started Test in 4.532 seconds (process running for 5.216)
